[1m[33m[33mâ–² [43;33m[[43;30mWARNING[43;33m][0m [1mDuplicate key "standalone" in object literal[0m [duplicate-object-key]

    src/app/myaccount/newbillingday/newbillingday.component.ts:33:8:
[37m      33 â”‚         [32mstandalone[37m: true,
         â•µ         [32m~~~~~~~~~~[0m

  The original key "standalone" is here:

    src/app/myaccount/newbillingday/newbillingday.component.ts:32:8:
[37m      32 â”‚         [32mstandalone[37m: true,
         â•µ         [32m~~~~~~~~~~[0m

[39m[22m
[1m[31m[31mâœ˜ [41;31m[[41;97mERROR[41;31m][0m [1mTS2345: Argument of type 'null' is not assignable to parameter of type 'string'.[0m [1m[35m[plugin angular-compiler][0m

    src/app/common.service.ts:41:77:
[37m      41 â”‚ ...sUrl: BehaviorSubject<string> = new BehaviorSubject<string>([32mnull[37m);
         â•µ                                                                [32m~~~~[0m


[31mâœ˜ [41;31m[[41;97mERROR[41;31m][0m [1mTS2339: Property 'leapUrl' does not exist on type '{ production: boolean; apiUrl: string; }'.[0m [1m[35m[plugin angular-compiler][0m

    src/app/common.service.ts:61:35:
[37m      61 â”‚     this.leapLearURL = environment.[32mleapUrl[37m;
         â•µ                                    [32m~~~~~~~[0m


[31mâœ˜ [41;31m[[41;97mERROR[41;31m][0m [1mTS2345: Argument of type 'string | null' is not assignable to parameter of type 'string'.
  Type 'null' is not assignable to type 'string'.[0m [1m[35m[plugin angular-compiler][0m

    src/app/common.service.ts:101:23:
[37m      101 â”‚ ...   if (JSON.parse([32mlocalStorage.getItem('log')[37m).ghana_user == 1) {
          â•µ                      [32m~~~~~~~~~~~~~~~~~~~~~~~~~~~[0m


[31mâœ˜ [41;31m[[41;97mERROR[41;31m][0m [1mTS2345: Argument of type 'string | null' is not assignable to parameter of type 'string'.
  Type 'null' is not assignable to type 'string'.[0m [1m[35m[plugin angular-compiler][0m

    src/app/common.service.ts:204:28:
[37m      204 â”‚         user_id: JSON.parse([32mlocalStorage.getItem('id')[37m),
          â•µ                             [32m~~~~~~~~~~~~~~~~~~~~~~~~~~[0m


[31mâœ˜ [41;31m[[41;97mERROR[41;31m][0m [1mTS2345: Argument of type 'string | null' is not assignable to parameter of type 'string'.
  Type 'null' is not assignable to type 'string'.[0m [1m[35m[plugin angular-compiler][0m

    src/app/common.service.ts:271:28:
[37m      271 â”‚         user_id: JSON.parse([32mlocalStorage.getItem('id')[37m),
          â•µ                             [32m~~~~~~~~~~~~~~~~~~~~~~~~~~[0m


[31mâœ˜ [41;31m[[41;97mERROR[41;31m][0m [1mTS2345: Argument of type 'string | null' is not assignable to parameter of type 'string'.
  Type 'null' is not assignable to type 'string'.[0m [1m[35m[plugin angular-compiler][0m

    src/app/common.service.ts:524:28:
[37m      524 â”‚         user_id: JSON.parse([32mlocalStorage.getItem('id')[37m),
          â•µ                             [32m~~~~~~~~~~~~~~~~~~~~~~~~~~[0m


[31mâœ˜ [41;31m[[41;97mERROR[41;31m][0m [1mTS2345: Argument of type 'string | null' is not assignable to parameter of type 'string'.
  Type 'null' is not assignable to type 'string'.[0m [1m[35m[plugin angular-compiler][0m

    src/app/common.service.ts:549:28:
[37m      549 â”‚         user_id: JSON.parse([32mlocalStorage.getItem('id')[37m),
          â•µ                             [32m~~~~~~~~~~~~~~~~~~~~~~~~~~[0m


[31mâœ˜ [41;31m[[41;97mERROR[41;31m][0m [1mTS2345: Argument of type 'string | null' is not assignable to parameter of type 'string'.
  Type 'null' is not assignable to type 'string'.[0m [1m[35m[plugin angular-compiler][0m

    src/app/common.service.ts:582:28:
[37m      582 â”‚         user_id: JSON.parse([32mlocalStorage.getItem('id')[37m),
          â•µ                             [32m~~~~~~~~~~~~~~~~~~~~~~~~~~[0m


[31mâœ˜ [41;31m[[41;97mERROR[41;31m][0m [1mTS2345: Argument of type 'string | null' is not assignable to parameter of type 'string'.
  Type 'null' is not assignable to type 'string'.[0m [1m[35m[plugin angular-compiler][0m

    src/app/common.service.ts:616:28:
[37m      616 â”‚         user_id: JSON.parse([32mlocalStorage.getItem('id')[37m),
          â•µ                             [32m~~~~~~~~~~~~~~~~~~~~~~~~~~[0m


[31mâœ˜ [41;31m[[41;97mERROR[41;31m][0m [1mTS2345: Argument of type 'string | null' is not assignable to parameter of type 'string'.
  Type 'null' is not assignable to type 'string'.[0m [1m[35m[plugin angular-compiler][0m

    src/app/common.service.ts:670:35:
[37m      670 â”‚ ...this.emailphone = JSON.parse([32mlocalStorage.getItem('emailPhone')[37m);
          â•µ                                 [32m~~~~~~~~~~~~~~~~~~~~~~~~~~~~~~~~~~[0m


[31mâœ˜ [41;31m[[41;97mERROR[41;31m][0m [1mTS2345: Argument of type 'string | null' is not assignable to parameter of type 'string'.
  Type 'null' is not assignable to type 'string'.[0m [1m[35m[plugin angular-compiler][0m

    src/app/common.service.ts:827:28:
[37m      827 â”‚         user_id: JSON.parse([32mlocalStorage.getItem('id')[37m),
          â•µ                             [32m~~~~~~~~~~~~~~~~~~~~~~~~~~[0m


[31mâœ˜ [41;31m[[41;97mERROR[41;31m][0m [1mTS2345: Argument of type 'string | null' is not assignable to parameter of type 'string'.
  Type 'null' is not assignable to type 'string'.[0m [1m[35m[plugin angular-compiler][0m

    src/app/common.service.ts:857:28:
[37m      857 â”‚         user_id: JSON.parse([32mlocalStorage.getItem('log')[37m).id,
          â•µ                             [32m~~~~~~~~~~~~~~~~~~~~~~~~~~~[0m


[31mâœ˜ [41;31m[[41;97mERROR[41;31m][0m [1mTS2345: Argument of type 'string | null' is not assignable to parameter of type 'string'.
  Type 'null' is not assignable to type 'string'.[0m [1m[35m[plugin angular-compiler][0m

    src/app/common.service.ts:875:24:
[37m      875 â”‚         age: JSON.parse([32mlocalStorage.getItem('main')[37m).age,
          â•µ                         [32m~~~~~~~~~~~~~~~~~~~~~~~~~~~~[0m


[31mâœ˜ [41;31m[[41;97mERROR[41;31m][0m [1mTS2307: Cannot find module 'src/app/common.service' or its corresponding type declarations.[0m [1m[35m[plugin angular-compiler][0m

    src/app/common/flimdoo-subscription/flimdoo-subscription.component.ts:4:30:
[37m      4 â”‚ import { CommonService } from [32m'src/app/common.service'[37m;
        â•µ                               [32m~~~~~~~~~~~~~~~~~~~~~~~~[0m


[31mâœ˜ [41;31m[[41;97mERROR[41;31m][0m [1mCould not resolve "src/app/common.service"[0m

    src/app/common/flimdoo-subscription/flimdoo-subscription.component.ts:7:30:
[37m      7 â”‚ import { CommonService } from [32m'src/app/common.service'[37m;
        â•µ                               [32m~~~~~~~~~~~~~~~~~~~~~~~~[0m

  You can mark the path "src/app/common.service" as external to exclude it from the bundle, which will remove this error and leave the unresolved path in the bundle.


[31mâœ˜ [41;31m[[41;97mERROR[41;31m][0m [1mTS2345: Argument of type 'string | null' is not assignable to parameter of type 'string'.
  Type 'null' is not assignable to type 'string'.[0m [1m[35m[plugin angular-compiler][0m

    src/app/common/flimdoo-subscription/flimdoo-subscription.component.ts:67:27:
[37m      67 â”‚       user_id : JSON.parse([32mlocalStorage.getItem('log')[37m).id
         â•µ                            [32m~~~~~~~~~~~~~~~~~~~~~~~~~~~[0m


[31mâœ˜ [41;31m[[41;97mERROR[41;31m][0m [1mTS2345: Argument of type 'string | null' is not assignable to parameter of type 'string'.
  Type 'null' is not assignable to type 'string'.[0m [1m[35m[plugin angular-compiler][0m

    src/app/common/flimdoo-subscription/flimdoo-subscription.component.ts:74:18:
[37m      74 â”‚     if(JSON.parse([32mlocalStorage.getItem('log')[37m).mobile){
         â•µ                   [32m~~~~~~~~~~~~~~~~~~~~~~~~~~~[0m


[31mâœ˜ [41;31m[[41;97mERROR[41;31m][0m [1mTS2345: Argument of type 'string | null' is not assignable to parameter of type 'string'.
  Type 'null' is not assignable to type 'string'.[0m [1m[35m[plugin angular-compiler][0m

    src/app/common/flimdoo-subscription/flimdoo-subscription.component.ts:75:38:
[37m      75 â”‚ ...is.billingMobile = JSON.parse([32mlocalStorage.getItem('log')[37m).mobile;
         â•µ                                  [32m~~~~~~~~~~~~~~~~~~~~~~~~~~~[0m


[31mâœ˜ [41;31m[[41;97mERROR[41;31m][0m [1mTS2345: Argument of type 'string | null' is not assignable to parameter of type 'string'.
  Type 'null' is not assignable to type 'string'.[0m [1m[35m[plugin angular-compiler][0m

    src/app/common/flimdoo-subscription/flimdoo-subscription.component.ts:147:28:
[37m      147 â”‚         user_id: JSON.parse([32mlocalStorage.getItem('id')[37m),
          â•µ                             [32m~~~~~~~~~~~~~~~~~~~~~~~~~~[0m


[31mâœ˜ [41;31m[[41;97mERROR[41;31m][0m [1mTS2345: Argument of type 'string | null' is not assignable to parameter of type 'string'.
  Type 'null' is not assignable to type 'string'.[0m [1m[35m[plugin angular-compiler][0m

    src/app/common/flimdoo-subscription/flimdoo-subscription.component.ts:189:38:
[37m      189 â”‚                   user_id: JSON.parse([32mlocalStorage.getItem('id')[37m),
          â•µ                                       [32m~~~~~~~~~~~~~~~~~~~~~~~~~~[0m


[31mâœ˜ [41;31m[[41;97mERROR[41;31m][0m [1mTS2345: Argument of type 'string | null' is not assignable to parameter of type 'string'.
  Type 'null' is not assignable to type 'string'.[0m [1m[35m[plugin angular-compiler][0m

    src/app/common/flimdoo-subscription/flimdoo-subscription.component.ts:274:36:
[37m      274 â”‚                 user_id: JSON.parse([32mlocalStorage.getItem('log')[37m).id,
          â•µ                                     [32m~~~~~~~~~~~~~~~~~~~~~~~~~~~[0m


[31mâœ˜ [41;31m[[41;97mERROR[41;31m][0m [1mTS2345: Argument of type 'string | null' is not assignable to parameter of type 'string'.
  Type 'null' is not assignable to type 'string'.[0m [1m[35m[plugin angular-compiler][0m

    src/app/common/flimdoo-subscription/flimdoo-subscription.component.ts:276:34:
[37m      276 â”‚ ...           msisdn:JSON.parse([32mlocalStorage.getItem('log')[37m).mobile,
          â•µ                                 [32m~~~~~~~~~~~~~~~~~~~~~~~~~~~[0m


[31mâœ˜ [41;31m[[41;97mERROR[41;31m][0m [1mTS2345: Argument of type 'string | null' is not assignable to parameter of type 'string'.
  Type 'null' is not assignable to type 'string'.[0m [1m[35m[plugin angular-compiler][0m

    src/app/common/flimdoo-subscription/flimdoo-subscription.component.ts:302:35:
[37m      302 â”‚                 user_id:JSON.parse([32mlocalStorage.getItem('log')[37m).id,
          â•µ                                    [32m~~~~~~~~~~~~~~~~~~~~~~~~~~~[0m


[31mâœ˜ [41;31m[[41;97mERROR[41;31m][0m [1mTS2345: Argument of type 'string | null' is not assignable to parameter of type 'string'.
  Type 'null' is not assignable to type 'string'.[0m [1m[35m[plugin angular-compiler][0m

    src/app/common/flimdoo-subscription/flimdoo-subscription.component.ts:303:38:
[37m      303 â”‚ ...        user_token:JSON.parse([32mlocalStorage.getItem('log')[37m).token,
          â•µ                                  [32m~~~~~~~~~~~~~~~~~~~~~~~~~~~[0m


[31mâœ˜ [41;31m[[41;97mERROR[41;31m][0m [1mTS2345: Argument of type 'string | null' is not assignable to parameter of type 'string'.
  Type 'null' is not assignable to type 'string'.[0m [1m[35m[plugin angular-compiler][0m

    src/app/common/flimdoo-subscription/flimdoo-subscription.component.ts:308:34:
[37m      308 â”‚               let id = JSON.parse([32mlocalStorage.getItem('id')[37m);
          â•µ                                   [32m~~~~~~~~~~~~~~~~~~~~~~~~~~[0m


[31mâœ˜ [41;31m[[41;97mERROR[41;31m][0m [1mTS2345: Argument of type 'string | null' is not assignable to parameter of type 'string'.
  Type 'null' is not assignable to type 'string'.[0m [1m[35m[plugin angular-compiler][0m

    src/app/common/flimdoo-subscription/flimdoo-subscription.component.ts:327:30:
[37m      327 â”‚           user_id: JSON.parse([32mlocalStorage.getItem('log')[37m).id,
          â•µ                               [32m~~~~~~~~~~~~~~~~~~~~~~~~~~~[0m


[31mâœ˜ [41;31m[[41;97mERROR[41;31m][0m [1mTS2345: Argument of type 'string | null' is not assignable to parameter of type 'string'.
  Type 'null' is not assignable to type 'string'.[0m [1m[35m[plugin angular-compiler][0m

    src/app/common/flimdoo-subscription/flimdoo-subscription.component.ts:329:28:
[37m      329 â”‚           msisdn:JSON.parse([32mlocalStorage.getItem('log')[37m).mobile,
          â•µ                             [32m~~~~~~~~~~~~~~~~~~~~~~~~~~~[0m


[31mâœ˜ [41;31m[[41;97mERROR[41;31m][0m [1mTS2345: Argument of type 'string | null' is not assignable to parameter of type 'string'.
  Type 'null' is not assignable to type 'string'.[0m [1m[35m[plugin angular-compiler][0m

    src/app/common/flimdoo-subscription/flimdoo-subscription.component.ts:353:29:
[37m      353 â”‚           user_id:JSON.parse([32mlocalStorage.getItem('log')[37m).id,
          â•µ                              [32m~~~~~~~~~~~~~~~~~~~~~~~~~~~[0m


[31mâœ˜ [41;31m[[41;97mERROR[41;31m][0m [1mTS2345: Argument of type 'string | null' is not assignable to parameter of type 'string'.
  Type 'null' is not assignable to type 'string'.[0m [1m[35m[plugin angular-compiler][0m

    src/app/common/flimdoo-subscription/flimdoo-subscription.component.ts:354:32:
[37m      354 â”‚           user_token:JSON.parse([32mlocalStorage.getItem('log')[37m).token,
          â•µ                                 [32m~~~~~~~~~~~~~~~~~~~~~~~~~~~[0m


[31mâœ˜ [41;31m[[41;97mERROR[41;31m][0m [1mTS2345: Argument of type 'string | null' is not assignable to parameter of type 'string'.
  Type 'null' is not assignable to type 'string'.[0m [1m[35m[plugin angular-compiler][0m

    src/app/common/flimdoo-subscription/flimdoo-subscription.component.ts:357:28:
[37m      357 â”‚         let id = JSON.parse([32mlocalStorage.getItem('id')[37m);
          â•µ                             [32m~~~~~~~~~~~~~~~~~~~~~~~~~~[0m


[31mâœ˜ [41;31m[[41;97mERROR[41;31m][0m [1mTS2345: Argument of type 'string | null' is not assignable to parameter of type 'string'.
  Type 'null' is not assignable to type 'string'.[0m [1m[35m[plugin angular-compiler][0m

    src/app/common/flimdoo-subscription/flimdoo-subscription.component.ts:419:21:
[37m      419 â”‚       if (JSON.parse([32mlocalStorage.getItem('log')[37m).ghana_user == 1) {
          â•µ                      [32m~~~~~~~~~~~~~~~~~~~~~~~~~~~[0m


[31mâœ˜ [41;31m[[41;97mERROR[41;31m][0m [1mTS2345: Argument of type 'string | null' is not assignable to parameter of type 'string | UrlTree'.
  Type 'null' is not assignable to type 'string | UrlTree'.[0m [1m[35m[plugin angular-compiler][0m

    src/app/common/flimdoo-subscription/flimdoo-subscription.component.ts:459:30:
[37m      459 â”‚     this.router.navigateByUrl([32mlocalStorage.getItem('previousUrl')[37m);
          â•µ                               [32m~~~~~~~~~~~~~~~~~~~~~~~~~~~~~~~~~~~[0m


[31mâœ˜ [41;31m[[41;97mERROR[41;31m][0m [1mTS2345: Argument of type 'string | null' is not assignable to parameter of type 'string'.
  Type 'null' is not assignable to type 'string'.[0m [1m[35m[plugin angular-compiler][0m

    src/app/common/forgotpin/forgotpin.component.ts:20:33:
[37m      20 â”‚     this.emailphone = JSON.parse([32mlocalStorage.getItem('emailPhone')[37m);
         â•µ                                  [32m~~~~~~~~~~~~~~~~~~~~~~~~~~~~~~~~~~[0m


[31mâœ˜ [41;31m[[41;97mERROR[41;31m][0m [1mTS2307: Cannot find module '../checkmail.pipe' or its corresponding type declarations.[0m [1m[35m[plugin angular-compiler][0m

    src/app/common/service.service.ts:4:30:
[37m      4 â”‚ import { CheckmailPipe } from [32m'../checkmail.pipe'[37m;
        â•µ                               [32m~~~~~~~~~~~~~~~~~~~[0m


[31mâœ˜ [41;31m[[41;97mERROR[41;31m][0m [1mCould not resolve "../checkmail.pipe"[0m

    src/app/common/service.service.ts:5:30:
[37m      5 â”‚ import { CheckmailPipe } from [32m'../checkmail.pipe'[37m;
        â•µ                               [32m~~~~~~~~~~~~~~~~~~~[0m


[31mâœ˜ [41;31m[[41;97mERROR[41;31m][0m [1mTS2345: Argument of type 'string | null' is not assignable to parameter of type 'string'.
  Type 'null' is not assignable to type 'string'.[0m [1m[35m[plugin angular-compiler][0m

    src/app/common/subscription/subscription.component.ts:65:27:
[37m      65 â”‚       user_id : JSON.parse([32mlocalStorage.getItem('log')[37m).id
         â•µ                            [32m~~~~~~~~~~~~~~~~~~~~~~~~~~~[0m


[31mâœ˜ [41;31m[[41;97mERROR[41;31m][0m [1mTS2345: Argument of type 'string | null' is not assignable to parameter of type 'string'.
  Type 'null' is not assignable to type 'string'.[0m [1m[35m[plugin angular-compiler][0m

    src/app/common/subscription/subscription.component.ts:72:18:
[37m      72 â”‚     if(JSON.parse([32mlocalStorage.getItem('log')[37m).mobile){
         â•µ                   [32m~~~~~~~~~~~~~~~~~~~~~~~~~~~[0m


[31mâœ˜ [41;31m[[41;97mERROR[41;31m][0m [1mTS2345: Argument of type 'string | null' is not assignable to parameter of type 'string'.
  Type 'null' is not assignable to type 'string'.[0m [1m[35m[plugin angular-compiler][0m

    src/app/common/subscription/subscription.component.ts:73:38:
[37m      73 â”‚ ...is.billingMobile = JSON.parse([32mlocalStorage.getItem('log')[37m).mobile;
         â•µ                                  [32m~~~~~~~~~~~~~~~~~~~~~~~~~~~[0m


[31mâœ˜ [41;31m[[41;97mERROR[41;31m][0m [1mTS2339: Property 'description' does not exist on type 'never'.[0m [1m[35m[plugin angular-compiler][0m

    src/app/common/subscription/subscription.component.ts:85:57:
[37m      85 â”‚ ... this.subscriptionData[0].[32mdescription[37m.split(" ").reverse().slic...
         â•µ                              [32m~~~~~~~~~~~[0m


[31mâœ˜ [41;31m[[41;97mERROR[41;31m][0m [1mTS2345: Argument of type 'string | null' is not assignable to parameter of type 'string'.
  Type 'null' is not assignable to type 'string'.[0m [1m[35m[plugin angular-compiler][0m

    src/app/common/subscription/subscription.component.ts:154:36:
[37m      154 â”‚                 user_id: JSON.parse([32mlocalStorage.getItem('id')[37m),
          â•µ                                     [32m~~~~~~~~~~~~~~~~~~~~~~~~~~[0m


[31mâœ˜ [41;31m[[41;97mERROR[41;31m][0m [1mTS2345: Argument of type 'string | null' is not assignable to parameter of type 'string'.
  Type 'null' is not assignable to type 'string'.[0m [1m[35m[plugin angular-compiler][0m

    src/app/common/subscription/subscription.component.ts:196:30:
[37m      196 â”‚           user_id: JSON.parse([32mlocalStorage.getItem('id')[37m),
          â•µ                               [32m~~~~~~~~~~~~~~~~~~~~~~~~~~[0m


[31mâœ˜ [41;31m[[41;97mERROR[41;31m][0m [1mTS2345: Argument of type 'string | null' is not assignable to parameter of type 'string'.
  Type 'null' is not assignable to type 'string'.[0m [1m[35m[plugin angular-compiler][0m

    src/app/common/subscription/subscription.component.ts:238:36:
[37m      238 â”‚                 user_id: JSON.parse([32mlocalStorage.getItem('log')[37m).id,
          â•µ                                     [32m~~~~~~~~~~~~~~~~~~~~~~~~~~~[0m


[31mâœ˜ [41;31m[[41;97mERROR[41;31m][0m [1mTS2345: Argument of type 'string | null' is not assignable to parameter of type 'string'.
  Type 'null' is not assignable to type 'string'.[0m [1m[35m[plugin angular-compiler][0m

    src/app/common/subscription/subscription.component.ts:240:34:
[37m      240 â”‚ ...           msisdn:JSON.parse([32mlocalStorage.getItem('log')[37m).mobile,
          â•µ                                 [32m~~~~~~~~~~~~~~~~~~~~~~~~~~~[0m


[31mâœ˜ [41;31m[[41;97mERROR[41;31m][0m [1mTS2345: Argument of type 'string | null' is not assignable to parameter of type 'string'.
  Type 'null' is not assignable to type 'string'.[0m [1m[35m[plugin angular-compiler][0m

    src/app/common/subscription/subscription.component.ts:266:35:
[37m      266 â”‚                 user_id:JSON.parse([32mlocalStorage.getItem('log')[37m).id,
          â•µ                                    [32m~~~~~~~~~~~~~~~~~~~~~~~~~~~[0m


[31mâœ˜ [41;31m[[41;97mERROR[41;31m][0m [1mTS2345: Argument of type 'string | null' is not assignable to parameter of type 'string'.
  Type 'null' is not assignable to type 'string'.[0m [1m[35m[plugin angular-compiler][0m

    src/app/common/subscription/subscription.component.ts:267:38:
[37m      267 â”‚ ...        user_token:JSON.parse([32mlocalStorage.getItem('log')[37m).token,
          â•µ                                  [32m~~~~~~~~~~~~~~~~~~~~~~~~~~~[0m


[31mâœ˜ [41;31m[[41;97mERROR[41;31m][0m [1mTS2345: Argument of type 'string | null' is not assignable to parameter of type 'string'.
  Type 'null' is not assignable to type 'string'.[0m [1m[35m[plugin angular-compiler][0m

    src/app/common/subscription/subscription.component.ts:272:34:
[37m      272 â”‚               let id = JSON.parse([32mlocalStorage.getItem('id')[37m);
          â•µ                                   [32m~~~~~~~~~~~~~~~~~~~~~~~~~~[0m


[31mâœ˜ [41;31m[[41;97mERROR[41;31m][0m [1mTS2345: Argument of type 'string | null' is not assignable to parameter of type 'string'.
  Type 'null' is not assignable to type 'string'.[0m [1m[35m[plugin angular-compiler][0m

    src/app/common/subscription/subscription.component.ts:291:30:
[37m      291 â”‚           user_id: JSON.parse([32mlocalStorage.getItem('log')[37m).id,
          â•µ                               [32m~~~~~~~~~~~~~~~~~~~~~~~~~~~[0m


[31mâœ˜ [41;31m[[41;97mERROR[41;31m][0m [1mTS2345: Argument of type 'string | null' is not assignable to parameter of type 'string'.
  Type 'null' is not assignable to type 'string'.[0m [1m[35m[plugin angular-compiler][0m

    src/app/common/subscription/subscription.component.ts:293:28:
[37m      293 â”‚           msisdn:JSON.parse([32mlocalStorage.getItem('log')[37m).mobile,
          â•µ                             [32m~~~~~~~~~~~~~~~~~~~~~~~~~~~[0m


[31mâœ˜ [41;31m[[41;97mERROR[41;31m][0m [1mTS2345: Argument of type 'string | null' is not assignable to parameter of type 'string'.
  Type 'null' is not assignable to type 'string'.[0m [1m[35m[plugin angular-compiler][0m

    src/app/common/subscription/subscription.component.ts:317:29:
[37m      317 â”‚           user_id:JSON.parse([32mlocalStorage.getItem('log')[37m).id,
          â•µ                              [32m~~~~~~~~~~~~~~~~~~~~~~~~~~~[0m


[31mâœ˜ [41;31m[[41;97mERROR[41;31m][0m [1mTS2345: Argument of type 'string | null' is not assignable to parameter of type 'string'.
  Type 'null' is not assignable to type 'string'.[0m [1m[35m[plugin angular-compiler][0m

    src/app/common/subscription/subscription.component.ts:318:32:
[37m      318 â”‚           user_token:JSON.parse([32mlocalStorage.getItem('log')[37m).token,
          â•µ                                 [32m~~~~~~~~~~~~~~~~~~~~~~~~~~~[0m


[31mâœ˜ [41;31m[[41;97mERROR[41;31m][0m [1mTS2345: Argument of type 'string | null' is not assignable to parameter of type 'string'.
  Type 'null' is not assignable to type 'string'.[0m [1m[35m[plugin angular-compiler][0m

    src/app/common/subscription/subscription.component.ts:321:28:
[37m      321 â”‚         let id = JSON.parse([32mlocalStorage.getItem('id')[37m);
          â•µ                             [32m~~~~~~~~~~~~~~~~~~~~~~~~~~[0m


[31mâœ˜ [41;31m[[41;97mERROR[41;31m][0m [1mTS2345: Argument of type 'string | null' is not assignable to parameter of type 'string'.
  Type 'null' is not assignable to type 'string'.[0m [1m[35m[plugin angular-compiler][0m

    src/app/common/subscription/subscription.component.ts:383:21:
[37m      383 â”‚       if (JSON.parse([32mlocalStorage.getItem('log')[37m).ghana_user == 1) {
          â•µ                      [32m~~~~~~~~~~~~~~~~~~~~~~~~~~~[0m


[31mâœ˜ [41;31m[[41;97mERROR[41;31m][0m [1mTS2345: Argument of type 'string | null' is not assignable to parameter of type 'string | UrlTree'.
  Type 'null' is not assignable to type 'string | UrlTree'.[0m [1m[35m[plugin angular-compiler][0m

    src/app/common/subscription/subscription.component.ts:423:30:
[37m      423 â”‚     this.router.navigateByUrl([32mlocalStorage.getItem('previousUrl')[37m);
          â•µ                               [32m~~~~~~~~~~~~~~~~~~~~~~~~~~~~~~~~~~~[0m


[31mâœ˜ [41;31m[[41;97mERROR[41;31m][0m [1mTS2307: Cannot find module 'src/app/vod/service.service' or its corresponding type declarations.[0m [1m[35m[plugin angular-compiler][0m

    src/app/common/success/success.component.ts:5:31:
[37m      5 â”‚ import { ServiceService } from [32m'src/app/vod/service.service'[37m;
        â•µ                                [32m~~~~~~~~~~~~~~~~~~~~~~~~~~~~~[0m


[31mâœ˜ [41;31m[[41;97mERROR[41;31m][0m [1mCould not resolve "src/app/vod/service.service"[0m

    src/app/common/success/success.component.ts:8:31:
[37m      8 â”‚ import { ServiceService } from [32m'src/app/vod/service.service'[37m;
        â•µ                                [32m~~~~~~~~~~~~~~~~~~~~~~~~~~~~~[0m

  You can mark the path "src/app/vod/service.service" as external to exclude it from the bundle, which will remove this error and leave the unresolved path in the bundle.


[31mâœ˜ [41;31m[[41;97mERROR[41;31m][0m [1mTS2345: Argument of type 'string | null' is not assignable to parameter of type 'string'.
  Type 'null' is not assignable to type 'string'.[0m [1m[35m[plugin angular-compiler][0m

    src/app/common/success/success.component.ts:32:33:
[37m      32 â”‚     this.emailphone = JSON.parse([32mlocalStorage.getItem('emailPhone')[37m);
         â•µ                                  [32m~~~~~~~~~~~~~~~~~~~~~~~~~~~~~~~~~~[0m


[31mâœ˜ [41;31m[[41;97mERROR[41;31m][0m [1mTS2322: Type 'string | null' is not assignable to type 'string'.
  Type 'null' is not assignable to type 'string'.[0m [1m[35m[plugin angular-compiler][0m

    src/app/common/success/success.component.ts:35:2:
[37m      35 â”‚   [32mthis.pay[37m = localStorage.getItem('payid')
         â•µ   [32m~~~~~~~~[0m


[31mâœ˜ [41;31m[[41;97mERROR[41;31m][0m [1mTS2345: Argument of type 'string | null' is not assignable to parameter of type 'string'.
  Type 'null' is not assignable to type 'string'.[0m [1m[35m[plugin angular-compiler][0m

    src/app/common/success/success.component.ts:53:22:
[37m      53 â”‚       id : JSON.parse([32mlocalStorage.getItem('log')[37m).id,
         â•µ                       [32m~~~~~~~~~~~~~~~~~~~~~~~~~~~[0m


[31mâœ˜ [41;31m[[41;97mERROR[41;31m][0m [1mTS2345: Argument of type 'string | null' is not assignable to parameter of type 'string | UrlTree'.
  Type 'null' is not assignable to type 'string | UrlTree'.[0m [1m[35m[plugin angular-compiler][0m

    src/app/common/success/success.component.ts:67:34:
[37m      67 â”‚ ...    this.router.navigateByUrl([32mlocalStorage.getItem('currentUrl')[37m);
         â•µ                                  [32m~~~~~~~~~~~~~~~~~~~~~~~~~~~~~~~~~~[0m


[31mâœ˜ [41;31m[[41;97mERROR[41;31m][0m [1mTS2345: Argument of type 'string | null' is not assignable to parameter of type 'string | UrlTree'.
  Type 'null' is not assignable to type 'string | UrlTree'.[0m [1m[35m[plugin angular-compiler][0m

    src/app/common/success/success.component.ts:78:30:
[37m      78 â”‚     this.router.navigateByUrl([32mlocalStorage.getItem('currentUrl')[37m);
         â•µ                               [32m~~~~~~~~~~~~~~~~~~~~~~~~~~~~~~~~~~[0m


[31mâœ˜ [41;31m[[41;97mERROR[41;31m][0m [1mTS2345: Argument of type 'string | null' is not assignable to parameter of type 'string'.
  Type 'null' is not assignable to type 'string'.[0m [1m[35m[plugin angular-compiler][0m

    src/app/common/success/success.component.ts:85:33:
[37m      85 â”‚              user_id: JSON.parse([32mlocalStorage.getItem('log')[37m).id,
         â•µ                                  [32m~~~~~~~~~~~~~~~~~~~~~~~~~~~[0m


[31mâœ˜ [41;31m[[41;97mERROR[41;31m][0m [1mTS2305: Module '"./virtual-back.component"' has no exported member 'BackComponent'.[0m [1m[35m[plugin angular-compiler][0m

    src/app/common/virtual-back/virtual-back.component.spec.ts:3:9:
[37m      3 â”‚ import { [32mBackComponent[37m } from './virtual-back.component';
        â•µ          [32m~~~~~~~~~~~~~[0m


[31mâœ˜ [41;31m[[41;97mERROR[41;31m][0m [1mTS2554: Expected 1 arguments, but got 0.[0m [1m[35m[plugin angular-compiler][0m

    src/app/common/virtual-back/virtual-back.component.ts:20:14:
[37m      20 â”‚     this.back.[32mnext[37m();
         â•µ               [32m~~~~[0m

  An argument for 'value' was not provided.

    node_modules/rxjs/dist/types/internal/Subject.d.ts:31:9:
[37m      31 â”‚     next([32mvalue: T[37m): void;
         â•µ          [32m~~~~~~~~[0m


[31mâœ˜ [41;31m[[41;97mERROR[41;31m][0m [1mTS2339: Property 'imageUrl' does not exist on type '{ production: boolean; apiUrl: string; }'.[0m [1m[35m[plugin angular-compiler][0m

    src/app/elearn/details/details.component.ts:16:29:
[37m      16 â”‚   path: string = environment.[32mimageUrl[37m;
         â•µ                              [32m~~~~~~~~[0m


[31mâœ˜ [41;31m[[41;97mERROR[41;31m][0m [1mTS2339: Property 'imageUrl' does not exist on type '{ production: boolean; apiUrl: string; }'.[0m [1m[35m[plugin angular-compiler][0m

    src/app/elearn/details/details.component.ts:17:31:
[37m      17 â”‚   banner: string = environment.[32mimageUrl[37m + "Elearning_fun_learning....
         â•µ                                [32m~~~~~~~~[0m


[31mâœ˜ [41;31m[[41;97mERROR[41;31m][0m [1mTS2322: Type 'any' is not assignable to type 'never'.[0m [1m[35m[plugin angular-compiler][0m

    src/app/elearn/details/details.component.ts:100:23:
[37m      100 â”‚       this.leapData = [[32mJSON.parse(JSON.stringify(data))[37m];
          â•µ                        [32m~~~~~~~~~~~~~~~~~~~~~~~~~~~~~~~~[0m


[31mâœ˜ [41;31m[[41;97mERROR[41;31m][0m [1mTS2339: Property 'collections' does not exist on type 'never'.[0m [1m[35m[plugin angular-compiler][0m

    src/app/elearn/details/details.component.ts:103:12:
[37m      103 â”‚         Obj.[32mcollections[37m.forEach(Obj1 => {
          â•µ             [32m~~~~~~~~~~~[0m


[31mâœ˜ [41;31m[[41;97mERROR[41;31m][0m [1mTS2345: Argument of type 'any' is not assignable to parameter of type 'never'.[0m [1m[35m[plugin angular-compiler][0m

    src/app/elearn/details/details.component.ts:111:40:
[37m      111 â”‚                     this.groupList.push([32mthis.image[37m);
          â•µ                                         [32m~~~~~~~~~~[0m


[31mâœ˜ [41;31m[[41;97mERROR[41;31m][0m [1mTS2345: Argument of type '{ sub_category_name: any; source: never[]; }' is not assignable to parameter of type 'never'.[0m [1m[35m[plugin angular-compiler][0m

    src/app/elearn/details/details.component.ts:117:33:
[37m      117 â”‚ ...ries.push([32m{ 'sub_category_name': Obj2.name, 'source': this.gro[37m...
          â•µ              [32m~~~~~~~~~~~~~~~~~~~~~~~~~~~~~~~~~~~~~~~~~~~~~~~~~~~~[0m


[31mâœ˜ [41;31m[[41;97mERROR[41;31m][0m [1mTS2345: Argument of type 'never[]' is not assignable to parameter of type 'never'.[0m [1m[35m[plugin angular-compiler][0m

    src/app/elearn/details/details.component.ts:120:30:
[37m      120 â”‚           this.mainLists.push([32mthis.categories[37m);
          â•µ                               [32m~~~~~~~~~~~~~~~[0m


[31mâœ˜ [41;31m[[41;97mERROR[41;31m][0m [1mTS2339: Property 'imageUrl' does not exist on type '{ production: boolean; apiUrl: string; }'.[0m [1m[35m[plugin angular-compiler][0m

    src/app/elearn/elearn-mainpage/elearn-mainpage.component.ts:21:31:
[37m      21 â”‚   banner: string = environment.[32mimageUrl[37m+"ELearning.webp";
         â•µ                                [32m~~~~~~~~[0m


[31mâœ˜ [41;31m[[41;97mERROR[41;31m][0m [1mTS2339: Property 'imageUrl' does not exist on type '{ production: boolean; apiUrl: string; }'.[0m [1m[35m[plugin angular-compiler][0m

    src/app/elearn/selectelearn/selectelearn.component.ts:23:29:
[37m      23 â”‚   path: string = environment.[32mimageUrl[37m;
         â•µ                              [32m~~~~~~~~[0m


[31mâœ˜ [41;31m[[41;97mERROR[41;31m][0m [1mTS2339: Property 'imageUrl' does not exist on type '{ production: boolean; apiUrl: string; }'.[0m [1m[35m[plugin angular-compiler][0m

    src/app/elearn/selectelearn/studytothrive/studytothrive.component.ts:22:29:
[37m      22 â”‚   path: string = environment.[32mimageUrl[37m;
         â•µ                              [32m~~~~~~~~[0m


[31mâœ˜ [41;31m[[41;97mERROR[41;31m][0m [1mTS2339: Property 'leapUrl' does not exist on type '{ production: boolean; apiUrl: string; }'.[0m [1m[35m[plugin angular-compiler][0m

    src/app/elearn/service.service.ts:57:35:
[37m      57 â”‚     this.leapLearURL = environment.[32mleapUrl[37m;
         â•µ                                    [32m~~~~~~~[0m


[31mâœ˜ [41;31m[[41;97mERROR[41;31m][0m [1mTS2339: Property 'syavulaApiBaseUrl' does not exist on type '{ production: boolean; apiUrl: string; }'.[0m [1m[35m[plugin angular-compiler][0m

    src/app/elearn/service.service.ts:81:41:
[37m      81 â”‚ ...urn this.http.post<T>(environment.[32msyavulaApiBaseUrl[37m + url, data, {
         â•µ                                      [32m~~~~~~~~~~~~~~~~~[0m


[31mâœ˜ [41;31m[[41;97mERROR[41;31m][0m [1mTS2339: Property 'syavulaApiBaseUrl' does not exist on type '{ production: boolean; apiUrl: string; }'.[0m [1m[35m[plugin angular-compiler][0m

    src/app/elearn/service.service.ts:99:41:
[37m      99 â”‚ ...urn this.http.post<T>(environment.[32msyavulaApiBaseUrl[37m + url, body, {
         â•µ                                      [32m~~~~~~~~~~~~~~~~~[0m


[31mâœ˜ [41;31m[[41;97mERROR[41;31m][0m [1mTS2339: Property 'syavulaApiBaseUrl' does not exist on type '{ production: boolean; apiUrl: string; }'.[0m [1m[35m[plugin angular-compiler][0m

    src/app/elearn/service.service.ts:106:40:
[37m      106 â”‚     return this.http.get<T>(environment.[32msyavulaApiBaseUrl[37m + url, {
          â•µ                                         [32m~~~~~~~~~~~~~~~~~[0m


[31mâœ˜ [41;31m[[41;97mERROR[41;31m][0m [1mTS2339: Property 'syavulaApiBaseUrl' does not exist on type '{ production: boolean; apiUrl: string; }'.[0m [1m[35m[plugin angular-compiler][0m

    src/app/elearn/service.service.ts:180:54:
[37m      180 â”‚ ....http.post(environment.[32msyavulaApiBaseUrl[37m + this.GetToken, logi...
          â•µ                           [32m~~~~~~~~~~~~~~~~~[0m


[31mâœ˜ [41;31m[[41;97mERROR[41;31m][0m [1mTS2345: Argument of type 'LoginResponse | undefined' is not assignable to parameter of type 'LoginResponse'.
  Type 'undefined' is not assignable to type 'LoginResponse'.[0m [1m[35m[plugin angular-compiler][0m

    src/app/elearn/service.service.ts:198:24:
[37m      198 â”‚       this.setUserLogin([32mloginReponse[37m);
          â•µ                         [32m~~~~~~~~~~~~[0m


[31mâœ˜ [41;31m[[41;97mERROR[41;31m][0m [1mTS18048: 'loginReponse' is possibly 'undefined'.[0m [1m[35m[plugin angular-compiler][0m

    src/app/elearn/service.service.ts:200:13:
[37m      200 â”‚       return [32mloginReponse[37m.token !== null;
          â•µ              [32m~~~~~~~~~~~~[0m


[31mâœ˜ [41;31m[[41;97mERROR[41;31m][0m [1mTS2322: Type 'null' is not assignable to type 'string'.[0m [1m[35m[plugin angular-compiler][0m

    src/app/elearn/service.service.ts:228:4:
[37m      228 â”‚     [32mreturn[37m null;
          â•µ     [32m~~~~~~[0m


[31mâœ˜ [41;31m[[41;97mERROR[41;31m][0m [1mTS2322: Type 'null' is not assignable to type 'string'.[0m [1m[35m[plugin angular-compiler][0m

    src/app/elearn/service.service.ts:241:4:
[37m      241 â”‚     [32mreturn[37m null;
          â•µ     [32m~~~~~~[0m


[31mâœ˜ [41;31m[[41;97mERROR[41;31m][0m [1mTS2345: Argument of type 'string | null' is not assignable to parameter of type 'string'.
  Type 'null' is not assignable to type 'string'.[0m [1m[35m[plugin angular-compiler][0m

    src/app/elearn/siyavula/siyavula.component.ts:45:34:
[37m      45 â”‚ ...s.paddingHeight = parseInt([32mlocalStorage.getItem('height')[37m) + 'px';
         â•µ                               [32m~~~~~~~~~~~~~~~~~~~~~~~~~~~~~~[0m


[31mâœ˜ [41;31m[[41;97mERROR[41;31m][0m [1mTS2345: Argument of type 'string | null' is not assignable to parameter of type 'string'.
  Type 'null' is not assignable to type 'string'.[0m [1m[35m[plugin angular-compiler][0m

    src/app/elearn/siyavula/siyavula.component.ts:56:34:
[37m      56 â”‚ ...s.paddingHeight = parseInt([32mlocalStorage.getItem('height')[37m) + 'px';
         â•µ                               [32m~~~~~~~~~~~~~~~~~~~~~~~~~~~~~~[0m


[31mâœ˜ [41;31m[[41;97mERROR[41;31m][0m [1mTS2345: Argument of type 'null' is not assignable to parameter of type 'number'.[0m [1m[35m[plugin angular-compiler][0m

    src/app/elearn/siyavula/siyavula.component.ts:92:80:
[37m      92 â”‚ ...ncedAnswer<ActivityResult>([32mactivityId[37m, responseId, queryString)...
         â•µ                               [32m~~~~~~~~~~[0m


[31mâœ˜ [41;31m[[41;97mERROR[41;31m][0m [1mTS2345: Argument of type 'ActivityResult | undefined' is not assignable to parameter of type 'ActivityResult'.
  Type 'undefined' is not assignable to type 'ActivityResult'.[0m [1m[35m[plugin angular-compiler][0m

    src/app/elearn/siyavula/siyavula.component.ts:93:17:
[37m      93 â”‚     this.process([32mresponse[37m);
         â•µ                  [32m~~~~~~~~[0m


[31mâœ˜ [41;31m[[41;97mERROR[41;31m][0m [1mTS2345: Argument of type 'ActivityResult | undefined' is not assignable to parameter of type 'ActivityResult'.
  Type 'undefined' is not assignable to type 'ActivityResult'.[0m [1m[35m[plugin angular-compiler][0m

    src/app/elearn/siyavula/siyavula.component.ts:104:21:
[37m      104 â”‚         this.process([32mresponse[37m);
          â•µ                      [32m~~~~~~~~[0m


[31mâœ˜ [41;31m[[41;97mERROR[41;31m][0m [1mTS2345: Argument of type 'ActivityResult | undefined' is not assignable to parameter of type 'ActivityResult'.
  Type 'undefined' is not assignable to type 'ActivityResult'.[0m [1m[35m[plugin angular-compiler][0m

    src/app/elearn/siyavula/siyavula.component.ts:112:21:
[37m      112 â”‚         this.process([32mresponse[37m);
          â•µ                      [32m~~~~~~~~[0m


[31mâœ˜ [41;31m[[41;97mERROR[41;31m][0m [1mTS2322: Type 'Topic[] | undefined' is not assignable to type 'Topic[]'.
  Type 'undefined' is not assignable to type 'Topic[]'.[0m [1m[35m[plugin angular-compiler][0m

    src/app/elearn/siyavula/siyavula.component.ts:122:4:
[37m      122 â”‚     [32mthis.topics[37m = await this.service.getTopicsByLevel<Topic[]>(le...
          â•µ     [32m~~~~~~~~~~~[0m


[31mâœ˜ [41;31m[[41;97mERROR[41;31m][0m [1mTS2322: Type 'Topic | undefined' is not assignable to type 'Topic'.
  Type 'undefined' is not assignable to type 'Topic'.[0m [1m[35m[plugin angular-compiler][0m

    src/app/elearn/siyavula/siyavula.component.ts:123:19:
[37m      123 â”‚     this.topics = [[32mthis.topics.find(x => x.grade === grade)[37m];
          â•µ                    [32m~~~~~~~~~~~~~~~~~~~~~~~~~~~~~~~~~~~~~~~~[0m


[31mâœ˜ [41;31m[[41;97mERROR[41;31m][0m [1mTS2345: Argument of type 'string | null' is not assignable to parameter of type 'string'.
  Type 'null' is not assignable to type 'string'.[0m [1m[35m[plugin angular-compiler][0m

    src/app/elearn/siyavula/siyavula.component.ts:137:28:
[37m      137 â”‚         user_id: JSON.parse([32mlocalStorage.getItem('id')[37m),
          â•µ                             [32m~~~~~~~~~~~~~~~~~~~~~~~~~~[0m


[31mâœ˜ [41;31m[[41;97mERROR[41;31m][0m [1mTS2345: Argument of type 'ActivityResult | undefined' is not assignable to parameter of type 'ActivityResult'.
  Type 'undefined' is not assignable to type 'ActivityResult'.[0m [1m[35m[plugin angular-compiler][0m

    src/app/elearn/siyavula/siyavula.component.ts:149:21:
[37m      149 â”‚         this.process([32mresponse[37m);
          â•µ                      [32m~~~~~~~~[0m


[31mâœ˜ [41;31m[[41;97mERROR[41;31m][0m [1mTS2345: Argument of type 'ActivityResult | undefined' is not assignable to parameter of type 'ActivityResult'.
  Type 'undefined' is not assignable to type 'ActivityResult'.[0m [1m[35m[plugin angular-compiler][0m

    src/app/elearn/siyavula/siyavula.component.ts:159:23:
[37m      159 â”‚           this.process([32mresponse[37m);
          â•µ                        [32m~~~~~~~~[0m


[31mâœ˜ [41;31m[[41;97mERROR[41;31m][0m [1mTS18048: 'response' is possibly 'undefined'.[0m [1m[35m[plugin angular-compiler][0m

    src/app/elearn/siyavula/siyavula.component.ts:160:55:
[37m      160 â”‚ ...tivity('education', 'siy', [32mresponse[37m.practice.chapter.id,  'siy...
          â•µ                               [32m~~~~~~~~[0m


[31mâœ˜ [41;31m[[41;97mERROR[41;31m][0m [1mTS18048: 'chapter' is possibly 'undefined'.[0m [1m[35m[plugin angular-compiler][0m

    src/app/elearn/siyavula/siyavula.component.ts:209:8:
[37m      209 â”‚         [32mchapter[37m.mastery = chapterMastery;
          â•µ         [32m~~~~~~~[0m


[31mâœ˜ [41;31m[[41;97mERROR[41;31m][0m [1mTS18048: 'chapter' is possibly 'undefined'.[0m [1m[35m[plugin angular-compiler][0m

    src/app/elearn/siyavula/siyavula.component.ts:210:24:
[37m      210 â”‚         const section = [32mchapter[37m.sections.find(x => x.id === secti...
          â•µ                         [32m~~~~~~~[0m


[31mâœ˜ [41;31m[[41;97mERROR[41;31m][0m [1mTS2339: Property 'imageUrl' does not exist on type '{ production: boolean; apiUrl: string; }'.[0m [1m[35m[plugin angular-compiler][0m

    src/app/freeentertainment/mainpage/mainpage.component.ts:23:31:
[37m      23 â”‚   banner: string = environment.[32mimageUrl[37m+"Freeentertainment.webp";
         â•µ                                [32m~~~~~~~~[0m


[31mâœ˜ [41;31m[[41;97mERROR[41;31m][0m [1mTS2339: Property 'imageUrl' does not exist on type '{ production: boolean; apiUrl: string; }'.[0m [1m[35m[plugin angular-compiler][0m

    src/app/games/game-mainpage/game-mainpage.component.ts:18:31:
[37m      18 â”‚   banner: string = environment.[32mimageUrl[37m+"games.webp";
         â•µ                                [32m~~~~~~~~[0m


[31mâœ˜ [41;31m[[41;97mERROR[41;31m][0m [1mTS2322: Type 'string | null' is not assignable to type 'string'.
  Type 'null' is not assignable to type 'string'.[0m [1m[35m[plugin angular-compiler][0m

    src/app/games/playgame/playgame.component.ts:39:4:
[37m      39 â”‚     [32mthis.backUrl[37m = localStorage.getItem('previousUrl');
         â•µ     [32m~~~~~~~~~~~~[0m


[31mâœ˜ [41;31m[[41;97mERROR[41;31m][0m [1mTS2345: Argument of type 'string | null' is not assignable to parameter of type 'string'.
  Type 'null' is not assignable to type 'string'.[0m [1m[35m[plugin angular-compiler][0m

    src/app/games/playgame/playgame.component.ts:96:34:
[37m      96 â”‚         sub_profile_id:JSON.parse([32mlocalStorage.getItem('main')[37m).id,
         â•µ                                   [32m~~~~~~~~~~~~~~~~~~~~~~~~~~~~[0m


[31mâœ˜ [41;31m[[41;97mERROR[41;31m][0m [1mTS2345: Argument of type 'string | null' is not assignable to parameter of type 'string | UrlTree'.
  Type 'null' is not assignable to type 'string | UrlTree'.[0m [1m[35m[plugin angular-compiler][0m

    src/app/games/playgame/playgame.component.ts:113:30:
[37m      113 â”‚     this.router.navigateByUrl([32mlocalStorage.getItem('previousUrl')[37m);
          â•µ                               [32m~~~~~~~~~~~~~~~~~~~~~~~~~~~~~~~~~~~[0m


[31mâœ˜ [41;31m[[41;97mERROR[41;31m][0m [1mTS2339: Property 'imageUrl' does not exist on type '{ production: boolean; apiUrl: string; }'.[0m [1m[35m[plugin angular-compiler][0m

    src/app/games/selectgame/selectgame.component.ts:18:31:
[37m      18 â”‚   banner: string = environment.[32mimageUrl[37m+"games.webp";
         â•µ                                [32m~~~~~~~~[0m


[31mâœ˜ [41;31m[[41;97mERROR[41;31m][0m [1mTS2531: Object is possibly 'null'.[0m [1m[35m[plugin angular-compiler][0m

    src/app/general/about/about.component.ts:123:3:
[37m      123 â”‚       [32mdocument.getElementById('section1')[37m.scrollIntoView();
          â•µ       [32m~~~~~~~~~~~~~~~~~~~~~~~~~~~~~~~~~~~[0m


[31mâœ˜ [41;31m[[41;97mERROR[41;31m][0m [1mTS2531: Object is possibly 'null'.[0m [1m[35m[plugin angular-compiler][0m

    src/app/general/about/about.component.ts:125:3:
[37m      125 â”‚       [32mdocument.getElementById('section1')[37m.scrollIntoView();
          â•µ       [32m~~~~~~~~~~~~~~~~~~~~~~~~~~~~~~~~~~~[0m


[31mâœ˜ [41;31m[[41;97mERROR[41;31m][0m [1mTS2531: Object is possibly 'null'.[0m [1m[35m[plugin angular-compiler][0m

    src/app/general/about/about.component.ts:134:3:
[37m      134 â”‚       [32mdocument.getElementById('section1')[37m.scrollIntoView();
          â•µ       [32m~~~~~~~~~~~~~~~~~~~~~~~~~~~~~~~~~~~[0m


[31mâœ˜ [41;31m[[41;97mERROR[41;31m][0m [1mTS2531: Object is possibly 'null'.[0m [1m[35m[plugin angular-compiler][0m

    src/app/general/about/about.component.ts:136:3:
[37m      136 â”‚       [32mdocument.getElementById('section2')[37m.scrollIntoView();
          â•µ       [32m~~~~~~~~~~~~~~~~~~~~~~~~~~~~~~~~~~~[0m


[31mâœ˜ [41;31m[[41;97mERROR[41;31m][0m [1mTS2531: Object is possibly 'null'.[0m [1m[35m[plugin angular-compiler][0m

    src/app/general/about/about.component.ts:145:3:
[37m      145 â”‚       [32mdocument.getElementById('section1')[37m.scrollIntoView();
          â•µ       [32m~~~~~~~~~~~~~~~~~~~~~~~~~~~~~~~~~~~[0m


[31mâœ˜ [41;31m[[41;97mERROR[41;31m][0m [1mTS2531: Object is possibly 'null'.[0m [1m[35m[plugin angular-compiler][0m

    src/app/general/about/about.component.ts:147:3:
[37m      147 â”‚       [32mdocument.getElementById('section3')[37m.scrollIntoView();
          â•µ       [32m~~~~~~~~~~~~~~~~~~~~~~~~~~~~~~~~~~~[0m


[31mâœ˜ [41;31m[[41;97mERROR[41;31m][0m [1mTS2531: Object is possibly 'null'.[0m [1m[35m[plugin angular-compiler][0m

    src/app/general/about/about.component.ts:156:3:
[37m      156 â”‚       [32mdocument.getElementById('section1')[37m.scrollIntoView();
          â•µ       [32m~~~~~~~~~~~~~~~~~~~~~~~~~~~~~~~~~~~[0m


[31mâœ˜ [41;31m[[41;97mERROR[41;31m][0m [1mTS2531: Object is possibly 'null'.[0m [1m[35m[plugin angular-compiler][0m

    src/app/general/about/about.component.ts:158:3:
[37m      158 â”‚       [32mdocument.getElementById('section4')[37m.scrollIntoView();
          â•µ       [32m~~~~~~~~~~~~~~~~~~~~~~~~~~~~~~~~~~~[0m


[31mâœ˜ [41;31m[[41;97mERROR[41;31m][0m [1mTS2322: Type 'string | null' is not assignable to type 'string'.
  Type 'null' is not assignable to type 'string'.[0m [1m[35m[plugin angular-compiler][0m

    src/app/general/header/header.component.ts:53:4:
[37m      53 â”‚     [32mthis.vod[37m = localStorage.getItem('head');
         â•µ     [32m~~~~~~~~[0m


[31mâœ˜ [41;31m[[41;97mERROR[41;31m][0m [1mTS2345: Argument of type 'string | null' is not assignable to parameter of type 'string'.
  Type 'null' is not assignable to type 'string'.[0m [1m[35m[plugin angular-compiler][0m

    src/app/general/header/header.component.ts:56:35:
[37m      56 â”‚ ...this.subProfile = JSON.parse([32mlocalStorage.getItem('subprofiles')[37m);
         â•µ                                 [32m~~~~~~~~~~~~~~~~~~~~~~~~~~~~~~~~~~~[0m


[31mâœ˜ [41;31m[[41;97mERROR[41;31m][0m [1mTS2322: Type 'string | null' is not assignable to type 'string'.
  Type 'null' is not assignable to type 'string'.[0m [1m[35m[plugin angular-compiler][0m

    src/app/general/header/header.component.ts:57:6:
[37m      57 â”‚       [32mthis.name[37m = localStorage.getItem('firstname');
         â•µ       [32m~~~~~~~~~[0m


[31mâœ˜ [41;31m[[41;97mERROR[41;31m][0m [1mTS2322: Type 'any' is not assignable to type 'never'.[0m [1m[35m[plugin angular-compiler][0m

    src/app/general/header/header.component.ts:58:26:
[37m      58 â”‚       this.mainProfile = [[32mJSON.parse(localStorage.getItem('main'))[37m];
         â•µ                           [32m~~~~~~~~~~~~~~~~~~~~~~~~~~~~~~~~~~~~~~~~[0m


[31mâœ˜ [41;31m[[41;97mERROR[41;31m][0m [1mTS2345: Argument of type 'string | null' is not assignable to parameter of type 'string'.
  Type 'null' is not assignable to type 'string'.[0m [1m[35m[plugin angular-compiler][0m

    src/app/general/header/header.component.ts:58:37:
[37m      58 â”‚       this.mainProfile = [JSON.parse([32mlocalStorage.getItem('main')[37m)];
         â•µ                                      [32m~~~~~~~~~~~~~~~~~~~~~~~~~~~~[0m


[31mâœ˜ [41;31m[[41;97mERROR[41;31m][0m [1mTS2345: Argument of type 'string | null' is not assignable to parameter of type 'string'.
  Type 'null' is not assignable to type 'string'.[0m [1m[35m[plugin angular-compiler][0m

    src/app/general/header/header.component.ts:88:35:
[37m      88 â”‚ ...this.subProfile = JSON.parse([32mlocalStorage.getItem('subprofiles')[37m);
         â•µ                                 [32m~~~~~~~~~~~~~~~~~~~~~~~~~~~~~~~~~~~[0m


[31mâœ˜ [41;31m[[41;97mERROR[41;31m][0m [1mTS2322: Type 'string | null' is not assignable to type 'string'.
  Type 'null' is not assignable to type 'string'.[0m [1m[35m[plugin angular-compiler][0m

    src/app/general/header/header.component.ts:89:6:
[37m      89 â”‚       [32mthis.name[37m = localStorage.getItem('firstname');
         â•µ       [32m~~~~~~~~~[0m


[31mâœ˜ [41;31m[[41;97mERROR[41;31m][0m [1mTS2322: Type 'any' is not assignable to type 'never'.[0m [1m[35m[plugin angular-compiler][0m

    src/app/general/header/header.component.ts:90:26:
[37m      90 â”‚       this.mainProfile = [[32mJSON.parse(localStorage.getItem('main'))[37m];
         â•µ                           [32m~~~~~~~~~~~~~~~~~~~~~~~~~~~~~~~~~~~~~~~~[0m


[31mâœ˜ [41;31m[[41;97mERROR[41;31m][0m [1mTS2345: Argument of type 'string | null' is not assignable to parameter of type 'string'.
  Type 'null' is not assignable to type 'string'.[0m [1m[35m[plugin angular-compiler][0m

    src/app/general/header/header.component.ts:90:37:
[37m      90 â”‚       this.mainProfile = [JSON.parse([32mlocalStorage.getItem('main')[37m)];
         â•µ                                      [32m~~~~~~~~~~~~~~~~~~~~~~~~~~~~[0m


[31mâœ˜ [41;31m[[41;97mERROR[41;31m][0m [1mTS2345: Argument of type 'string | null' is not assignable to parameter of type 'string'.
  Type 'null' is not assignable to type 'string'.[0m [1m[35m[plugin angular-compiler][0m

    src/app/general/header/header.component.ts:237:26:
[37m      237 â”‚       user_id: JSON.parse([32mlocalStorage.getItem('log')[37m).id
          â•µ                           [32m~~~~~~~~~~~~~~~~~~~~~~~~~~~[0m


[31mâœ˜ [41;31m[[41;97mERROR[41;31m][0m [1mTS2345: Argument of type 'string | null' is not assignable to parameter of type 'string'.
  Type 'null' is not assignable to type 'string'.[0m [1m[35m[plugin angular-compiler][0m

    src/app/general/header/header.component.ts:306:26:
[37m      306 â”‚       user_id: JSON.parse([32mlocalStorage.getItem('log')[37m).id
          â•µ                           [32m~~~~~~~~~~~~~~~~~~~~~~~~~~~[0m


[31mâœ˜ [41;31m[[41;97mERROR[41;31m][0m [1mTS2345: Argument of type 'string | null' is not assignable to parameter of type 'string'.
  Type 'null' is not assignable to type 'string'.[0m [1m[35m[plugin angular-compiler][0m

    src/app/general/header/header.component.ts:310:21:
[37m      310 â”‚       if (JSON.parse([32mlocalStorage.getItem('log')[37m).ghana_user == 1...
          â•µ                      [32m~~~~~~~~~~~~~~~~~~~~~~~~~~~[0m


[31mâœ˜ [41;31m[[41;97mERROR[41;31m][0m [1mTS2345: Argument of type 'string | null' is not assignable to parameter of type 'string'.
  Type 'null' is not assignable to type 'string'.[0m [1m[35m[plugin angular-compiler][0m

    src/app/general/iframe/iframe.component.ts:16:34:
[37m      16 â”‚ ...s.paddingHeight = parseInt([32mlocalStorage.getItem('height')[37m) + 'px';
         â•µ                               [32m~~~~~~~~~~~~~~~~~~~~~~~~~~~~~~[0m


[31mâœ˜ [41;31m[[41;97mERROR[41;31m][0m [1mTS2345: Argument of type 'string | null' is not assignable to parameter of type 'string'.
  Type 'null' is not assignable to type 'string'.[0m [1m[35m[plugin angular-compiler][0m

    src/app/general/jwplayer/jwplayer.component.ts:172:32:
[37m      172 â”‚       sub_profile_id:JSON.parse([32mlocalStorage.getItem('main')[37m).id,
          â•µ                                 [32m~~~~~~~~~~~~~~~~~~~~~~~~~~~~[0m


[31mâœ˜ [41;31m[[41;97mERROR[41;31m][0m [1mTS2322: Type '{ name: string; value: number; }' is not assignable to type 'never'.[0m [1m[35m[plugin angular-compiler][0m

    src/app/general/landing/landing.component.ts:92:23:
[37m      92 â”‚     this.emailphone = [[32m{"name":"mobile","value":7894561230}[37m]
         â•µ                        [32m~~~~~~~~~~~~~~~~~~~~~~~~~~~~~~~~~~~~[0m


[31mâœ˜ [41;31m[[41;97mERROR[41;31m][0m [1mTS2345: Argument of type 'string | null' is not assignable to parameter of type 'string'.
  Type 'null' is not assignable to type 'string'.[0m [1m[35m[plugin angular-compiler][0m

    src/app/general/landing/landing.component.ts:113:35:
[37m      113 â”‚ ...this.emailphone = JSON.parse([32mlocalStorage.getItem('emailPhone')[37m);
          â•µ                                 [32m~~~~~~~~~~~~~~~~~~~~~~~~~~~~~~~~~~[0m


[31mâœ˜ [41;31m[[41;97mERROR[41;31m][0m [1mTS2339: Property 'name' does not exist on type 'never'.[0m [1m[35m[plugin angular-compiler][0m

    src/app/general/landing/landing.component.ts:126:26:
[37m      126 â”‚       [this.emailphone[0].[32mname[37m]: this.emailphone[0].value,
          â•µ                           [32m~~~~[0m


[31mâœ˜ [41;31m[[41;97mERROR[41;31m][0m [1mTS2339: Property 'value' does not exist on type 'never'.[0m [1m[35m[plugin angular-compiler][0m

    src/app/general/landing/landing.component.ts:126:52:
[37m      126 â”‚       [this.emailphone[0].name]: this.emailphone[0].[32mvalue[37m,
          â•µ                                                     [32m~~~~~[0m


[31mâœ˜ [41;31m[[41;97mERROR[41;31m][0m [1mTS2339: Property 'name' does not exist on type 'never'.[0m [1m[35m[plugin angular-compiler][0m

    src/app/general/landing/landing.component.ts:127:37:
[37m      127 â”‚       login_type: this.emailphone[0].[32mname[37m,
          â•µ                                      [32m~~~~[0m


[31mâœ˜ [41;31m[[41;97mERROR[41;31m][0m [1mTS2345: Argument of type 'any' is not assignable to parameter of type 'never'.[0m [1m[35m[plugin angular-compiler][0m

    src/app/general/landing/landing.component.ts:254:21:
[37m      254 â”‚           slide.push([32melement[37m);
          â•µ                      [32m~~~~~~~[0m


[31mâœ˜ [41;31m[[41;97mERROR[41;31m][0m [1mTS2345: Argument of type 'any' is not assignable to parameter of type 'never'.[0m [1m[35m[plugin angular-compiler][0m

    src/app/general/landing/landing.component.ts:265:23:
[37m      265 â”‚             slide.push([32melement[37m);
          â•µ                        [32m~~~~~~~[0m


[31mâœ˜ [41;31m[[41;97mERROR[41;31m][0m [1mTS2307: Cannot find module '../../checkmail.pipe' or its corresponding type declarations.[0m [1m[35m[plugin angular-compiler][0m

    src/app/general/modal/modal.component.ts:9:30:
[37m      9 â”‚ import { CheckmailPipe } from [32m'../../checkmail.pipe'[37m;
        â•µ                               [32m~~~~~~~~~~~~~~~~~~~~~~[0m


[31mâœ˜ [41;31m[[41;97mERROR[41;31m][0m [1mCould not resolve "../../checkmail.pipe"[0m

    src/app/general/modal/modal.component.ts:11:30:
[37m      11 â”‚ import { CheckmailPipe } from [32m'../../checkmail.pipe'[37m;
         â•µ                               [32m~~~~~~~~~~~~~~~~~~~~~~[0m


[31mâœ˜ [41;31m[[41;97mERROR[41;31m][0m [1mTS2345: Argument of type 'number' is not assignable to parameter of type 'never'.[0m [1m[35m[plugin angular-compiler][0m

    src/app/general/modal/modal.component.ts:91:20:
[37m      91 â”‚     this.years.push([32myear[37m);
         â•µ                     [32m~~~~[0m


[31mâœ˜ [41;31m[[41;97mERROR[41;31m][0m [1mTS2345: Argument of type 'number' is not assignable to parameter of type 'never'.[0m [1m[35m[plugin angular-compiler][0m

    src/app/general/modal/modal.component.ts:93:22:
[37m      93 â”‚       this.years.push([32myear - i[37m);
         â•µ                       [32m~~~~~~~~[0m


[31mâœ˜ [41;31m[[41;97mERROR[41;31m][0m [1mTS2345: Argument of type 'string | null' is not assignable to parameter of type 'string'.
  Type 'null' is not assignable to type 'string'.[0m [1m[35m[plugin angular-compiler][0m

    src/app/general/modal/modal.component.ts:103:35:
[37m      103 â”‚ ...this.emailphone = JSON.parse([32mlocalStorage.getItem('emailPhone')[37m);
          â•µ                                 [32m~~~~~~~~~~~~~~~~~~~~~~~~~~~~~~~~~~[0m


[31mâœ˜ [41;31m[[41;97mERROR[41;31m][0m [1mTS2339: Property 'name' does not exist on type 'never'.[0m [1m[35m[plugin angular-compiler][0m

    src/app/general/modal/modal.component.ts:174:37:
[37m      174 â”‚       login_type: this.emailphone[0].[32mname[37m,
          â•µ                                      [32m~~~~[0m


[31mâœ˜ [41;31m[[41;97mERROR[41;31m][0m [1mTS2339: Property 'name' does not exist on type 'never'.[0m [1m[35m[plugin angular-compiler][0m

    src/app/general/modal/modal.component.ts:197:30:
[37m      197 â”‚           [this.emailphone[0].[32mname[37m]: this.emailphone[0].value,
          â•µ                               [32m~~~~[0m


[31mâœ˜ [41;31m[[41;97mERROR[41;31m][0m [1mTS2339: Property 'value' does not exist on type 'never'.[0m [1m[35m[plugin angular-compiler][0m

    src/app/general/modal/modal.component.ts:197:56:
[37m      197 â”‚           [this.emailphone[0].name]: this.emailphone[0].[32mvalue[37m,
          â•µ                                                         [32m~~~~~[0m


[31mâœ˜ [41;31m[[41;97mERROR[41;31m][0m [1mTS2531: Object is possibly 'null'.[0m [1m[35m[plugin angular-compiler][0m

    src/app/general/modal/modal.component.ts:281:33:
[37m      281 â”‚       mobile: this.countryCode + [32mlocalStorage.getItem('mobile')[37m,
          â•µ                                  [32m~~~~~~~~~~~~~~~~~~~~~~~~~~~~~~[0m


[31mâœ˜ [41;31m[[41;97mERROR[41;31m][0m [1mTS2322: Type '{ mobile: any; email: any; fname: any; lname: any; device_type: string; login_by: string; login_type: string; }' is not assignable to type 'never'.[0m [1m[35m[plugin angular-compiler][0m

    src/app/general/modal/modal.component.ts:340:6:
[37m      340 â”‚       [32m{[37m
          â•µ       [32m^[0m


[31mâœ˜ [41;31m[[41;97mERROR[41;31m][0m [1mTS2322: Type '{ mobile: string; login_type: string; id: string | null; email: string | null; token: string | null; otp: any; }' is not assignable to type 'never'.[0m [1m[35m[plugin angular-compiler][0m

    src/app/general/modal/modal.component.ts:393:6:
[37m      393 â”‚       [32m{[37m
          â•µ       [32m^[0m


[31mâœ˜ [41;31m[[41;97mERROR[41;31m][0m [1mTS2531: Object is possibly 'null'.[0m [1m[35m[plugin angular-compiler][0m

    src/app/general/modal/modal.component.ts:394:35:
[37m      394 â”‚         mobile: this.countryCode + [32mlocalStorage.getItem('mobile')[37m,
          â•µ                                    [32m~~~~~~~~~~~~~~~~~~~~~~~~~~~~~~[0m


[31mâœ˜ [41;31m[[41;97mERROR[41;31m][0m [1mTS2322: Type 'string | null' is not assignable to type 'string'.
  Type 'null' is not assignable to type 'string'.[0m [1m[35m[plugin angular-compiler][0m

    src/app/general/modal/modal.component.ts:415:8:
[37m      415 â”‚         [32mthis.fname1[37m = localStorage.getItem('fname');
          â•µ         [32m~~~~~~~~~~~[0m


[31mâœ˜ [41;31m[[41;97mERROR[41;31m][0m [1mTS2322: Type 'string | null' is not assignable to type 'string'.
  Type 'null' is not assignable to type 'string'.[0m [1m[35m[plugin angular-compiler][0m

    src/app/general/modal/modal.component.ts:416:8:
[37m      416 â”‚         [32mthis.lname1[37m = localStorage.getItem('lname');
          â•µ         [32m~~~~~~~~~~~[0m


[31mâœ˜ [41;31m[[41;97mERROR[41;31m][0m [1mTS2322: Type 'string | null' is not assignable to type 'string'.
  Type 'null' is not assignable to type 'string'.[0m [1m[35m[plugin angular-compiler][0m

    src/app/general/modal/modal.component.ts:418:10:
[37m      418 â”‚           [32mthis.email1[37m = localStorage.getItem('email');
          â•µ           [32m~~~~~~~~~~~[0m


[31mâœ˜ [41;31m[[41;97mERROR[41;31m][0m [1mTS2322: Type 'string | null' is not assignable to type 'string'.
  Type 'null' is not assignable to type 'string'.[0m [1m[35m[plugin angular-compiler][0m

    src/app/general/modal/modal.component.ts:424:10:
[37m      424 â”‚           [32mthis.phone1[37m = localStorage.getItem('mobile');
          â•µ           [32m~~~~~~~~~~~[0m


[31mâœ˜ [41;31m[[41;97mERROR[41;31m][0m [1mTS2322: Type '{ fname: any; lname: any; email: any; token: string | null; mobile: any; gender: any; dob: string; password: any; login_type: string; }' is not assignable to type 'never'.[0m [1m[35m[plugin angular-compiler][0m

    src/app/general/modal/modal.component.ts:517:6:
[37m      517 â”‚       [32m{[37m
          â•µ       [32m^[0m


[31mâœ˜ [41;31m[[41;97mERROR[41;31m][0m [1mTS2322: Type '{ device_type: string; login_by: string; mobile: any; email: any; login_type: string; password: any; device_browser: string; device_ip: string; device_os: any; }' is not assignable to type 'never'.[0m [1m[35m[plugin angular-compiler][0m

    src/app/general/modal/modal.component.ts:541:21:
[37m      541 â”‚         loginData = [[32m{[37m
          â•µ                      [32m^[0m


[31mâœ˜ [41;31m[[41;97mERROR[41;31m][0m [1mTS2307: Cannot find module '../../checkmail.pipe' or its corresponding type declarations.[0m [1m[35m[plugin angular-compiler][0m

    src/app/general/parentalmodal/parentalmodal.component.ts:8:30:
[37m      8 â”‚ import { CheckmailPipe } from [32m'../../checkmail.pipe'[37m;
        â•µ                               [32m~~~~~~~~~~~~~~~~~~~~~~[0m


[31mâœ˜ [41;31m[[41;97mERROR[41;31m][0m [1mCould not resolve "../../checkmail.pipe"[0m

    src/app/general/parentalmodal/parentalmodal.component.ts:10:30:
[37m      10 â”‚ import { CheckmailPipe } from [32m'../../checkmail.pipe'[37m;
         â•µ                               [32m~~~~~~~~~~~~~~~~~~~~~~[0m


[31mâœ˜ [41;31m[[41;97mERROR[41;31m][0m [1mTS2345: Argument of type 'string | null' is not assignable to parameter of type 'string'.
  Type 'null' is not assignable to type 'string'.[0m [1m[35m[plugin angular-compiler][0m

    src/app/general/parentalmodal/parentalmodal.component.ts:35:35:
[37m      35 â”‚ ... this.emailphone = JSON.parse([32mlocalStorage.getItem('emailPhone')[37m);
         â•µ                                  [32m~~~~~~~~~~~~~~~~~~~~~~~~~~~~~~~~~~[0m


[31mâœ˜ [41;31m[[41;97mERROR[41;31m][0m [1mTS2339: Property 'name' does not exist on type 'never'.[0m [1m[35m[plugin angular-compiler][0m

    src/app/general/parentalmodal/parentalmodal.component.ts:70:26:
[37m      70 â”‚       [this.emailphone[0].[32mname[37m]: this.emailphone[0].value,
         â•µ                           [32m~~~~[0m


[31mâœ˜ [41;31m[[41;97mERROR[41;31m][0m [1mTS2339: Property 'value' does not exist on type 'never'.[0m [1m[35m[plugin angular-compiler][0m

    src/app/general/parentalmodal/parentalmodal.component.ts:70:52:
[37m      70 â”‚       [this.emailphone[0].name]: this.emailphone[0].[32mvalue[37m,
         â•µ                                                     [32m~~~~~[0m


[31mâœ˜ [41;31m[[41;97mERROR[41;31m][0m [1mTS2339: Property 'name' does not exist on type 'never'.[0m [1m[35m[plugin angular-compiler][0m

    src/app/general/parentalmodal/parentalmodal.component.ts:71:37:
[37m      71 â”‚       login_type: this.emailphone[0].[32mname[37m,
         â•µ                                      [32m~~~~[0m


[31mâœ˜ [41;31m[[41;97mERROR[41;31m][0m [1mTS2339: Property 'name' does not exist on type 'never'.[0m [1m[35m[plugin angular-compiler][0m

    src/app/general/parentalmodal/parentalmodal.component.ts:114:26:
[37m      114 â”‚       [this.emailphone[0].[32mname[37m]: this.emailphone[0].value,
          â•µ                           [32m~~~~[0m


[31mâœ˜ [41;31m[[41;97mERROR[41;31m][0m [1mTS2339: Property 'value' does not exist on type 'never'.[0m [1m[35m[plugin angular-compiler][0m

    src/app/general/parentalmodal/parentalmodal.component.ts:114:52:
[37m      114 â”‚       [this.emailphone[0].name]: this.emailphone[0].[32mvalue[37m,
          â•µ                                                     [32m~~~~~[0m


[31mâœ˜ [41;31m[[41;97mERROR[41;31m][0m [1mTS2339: Property 'name' does not exist on type 'never'.[0m [1m[35m[plugin angular-compiler][0m

    src/app/general/parentalmodal/parentalmodal.component.ts:115:37:
[37m      115 â”‚       login_type: this.emailphone[0].[32mname[37m,
          â•µ                                      [32m~~~~[0m


[31mâœ˜ [41;31m[[41;97mERROR[41;31m][0m [1mTS2307: Cannot find module '../../checkmail.pipe' or its corresponding type declarations.[0m [1m[35m[plugin angular-compiler][0m

    src/app/general/profilemodal/profilemodal.component.ts:8:30:
[37m      8 â”‚ import { CheckmailPipe } from [32m'../../checkmail.pipe'[37m;
        â•µ                               [32m~~~~~~~~~~~~~~~~~~~~~~[0m


[31mâœ˜ [41;31m[[41;97mERROR[41;31m][0m [1mCould not resolve "../../checkmail.pipe"[0m

    src/app/general/profilemodal/profilemodal.component.ts:10:30:
[37m      10 â”‚ import { CheckmailPipe } from [32m'../../checkmail.pipe'[37m;
         â•µ                               [32m~~~~~~~~~~~~~~~~~~~~~~[0m


[31mâœ˜ [41;31m[[41;97mERROR[41;31m][0m [1mTS2345: Argument of type 'string | null' is not assignable to parameter of type 'string'.
  Type 'null' is not assignable to type 'string'.[0m [1m[35m[plugin angular-compiler][0m

    src/app/general/profilemodal/profilemodal.component.ts:49:35:
[37m      49 â”‚ ... this.emailphone = JSON.parse([32mlocalStorage.getItem('emailPhone')[37m);
         â•µ                                  [32m~~~~~~~~~~~~~~~~~~~~~~~~~~~~~~~~~~[0m


[31mâœ˜ [41;31m[[41;97mERROR[41;31m][0m [1mTS2345: Argument of type 'string | null' is not assignable to parameter of type 'string'.
  Type 'null' is not assignable to type 'string'.[0m [1m[35m[plugin angular-compiler][0m

    src/app/general/profilemodal/profilemodal.component.ts:52:37:
[37m      52 â”‚ ....subProfileList = JSON.parse([32mlocalStorage.getItem('subprofiles')[37m);
         â•µ                                 [32m~~~~~~~~~~~~~~~~~~~~~~~~~~~~~~~~~~~[0m


[31mâœ˜ [41;31m[[41;97mERROR[41;31m][0m [1mTS2322: Type 'string | null' is not assignable to type 'string'.
  Type 'null' is not assignable to type 'string'.[0m [1m[35m[plugin angular-compiler][0m

    src/app/general/profilemodal/profilemodal.component.ts:54:4:
[37m      54 â”‚     [32mthis.parentPin[37m = localStorage.getItem('parentpin');
         â•µ     [32m~~~~~~~~~~~~~~[0m


[31mâœ˜ [41;31m[[41;97mERROR[41;31m][0m [1mTS2345: Argument of type 'string | null' is not assignable to parameter of type 'string'.
  Type 'null' is not assignable to type 'string'.[0m [1m[35m[plugin angular-compiler][0m

    src/app/general/profilemodal/profilemodal.component.ts:58:25:
[37m      58 â”‚       user_id:JSON.parse([32mlocalStorage.getItem('log')[37m).id
         â•µ                          [32m~~~~~~~~~~~~~~~~~~~~~~~~~~~[0m


[31mâœ˜ [41;31m[[41;97mERROR[41;31m][0m [1mTS2345: Argument of type 'string | null' is not assignable to parameter of type 'string'.
  Type 'null' is not assignable to type 'string'.[0m [1m[35m[plugin angular-compiler][0m

    src/app/general/profilemodal/profilemodal.component.ts:98:39:
[37m      98 â”‚ ....subProfileList = JSON.parse([32mlocalStorage.getItem('subprofiles')[37m);
         â•µ                                 [32m~~~~~~~~~~~~~~~~~~~~~~~~~~~~~~~~~~~[0m


[31mâœ˜ [41;31m[[41;97mERROR[41;31m][0m [1mTS2339: Property 'name' does not exist on type 'never'.[0m [1m[35m[plugin angular-compiler][0m

    src/app/general/profilemodal/profilemodal.component.ts:217:26:
[37m      217 â”‚       [this.emailphone[0].[32mname[37m]: this.emailphone[0].value,
          â•µ                           [32m~~~~[0m


[31mâœ˜ [41;31m[[41;97mERROR[41;31m][0m [1mTS2339: Property 'value' does not exist on type 'never'.[0m [1m[35m[plugin angular-compiler][0m

    src/app/general/profilemodal/profilemodal.component.ts:217:52:
[37m      217 â”‚       [this.emailphone[0].name]: this.emailphone[0].[32mvalue[37m,
          â•µ                                                     [32m~~~~~[0m


[31mâœ˜ [41;31m[[41;97mERROR[41;31m][0m [1mTS2339: Property 'name' does not exist on type 'never'.[0m [1m[35m[plugin angular-compiler][0m

    src/app/general/profilemodal/profilemodal.component.ts:218:37:
[37m      218 â”‚       login_type: this.emailphone[0].[32mname[37m,
          â•µ                                      [32m~~~~[0m


[31mâœ˜ [41;31m[[41;97mERROR[41;31m][0m [1mTS2339: Property 'name' does not exist on type 'never'.[0m [1m[35m[plugin angular-compiler][0m

    src/app/general/profilemodal/profilemodal.component.ts:256:26:
[37m      256 â”‚       [this.emailphone[0].[32mname[37m]: this.emailphone[0].value,
          â•µ                           [32m~~~~[0m


[31mâœ˜ [41;31m[[41;97mERROR[41;31m][0m [1mTS2339: Property 'value' does not exist on type 'never'.[0m [1m[35m[plugin angular-compiler][0m

    src/app/general/profilemodal/profilemodal.component.ts:256:52:
[37m      256 â”‚       [this.emailphone[0].name]: this.emailphone[0].[32mvalue[37m,
          â•µ                                                     [32m~~~~~[0m


[31mâœ˜ [41;31m[[41;97mERROR[41;31m][0m [1mTS2339: Property 'name' does not exist on type 'never'.[0m [1m[35m[plugin angular-compiler][0m

    src/app/general/profilemodal/profilemodal.component.ts:257:37:
[37m      257 â”‚       login_type: this.emailphone[0].[32mname[37m,
          â•µ                                      [32m~~~~[0m


[31mâœ˜ [41;31m[[41;97mERROR[41;31m][0m [1mTS2339: Property 'name' does not exist on type 'never'.[0m [1m[35m[plugin angular-compiler][0m

    src/app/general/profilemodal/profilemodal.component.ts:292:28:
[37m      292 â”‚         [this.emailphone[0].[32mname[37m]: this.emailphone[0].value,
          â•µ                             [32m~~~~[0m


[31mâœ˜ [41;31m[[41;97mERROR[41;31m][0m [1mTS2339: Property 'value' does not exist on type 'never'.[0m [1m[35m[plugin angular-compiler][0m

    src/app/general/profilemodal/profilemodal.component.ts:292:54:
[37m      292 â”‚         [this.emailphone[0].name]: this.emailphone[0].[32mvalue[37m,
          â•µ                                                       [32m~~~~~[0m


[31mâœ˜ [41;31m[[41;97mERROR[41;31m][0m [1mTS2339: Property 'name' does not exist on type 'never'.[0m [1m[35m[plugin angular-compiler][0m

    src/app/general/profilemodal/profilemodal.component.ts:293:39:
[37m      293 â”‚         login_type: this.emailphone[0].[32mname[37m,
          â•µ                                        [32m~~~~[0m


[31mâœ˜ [41;31m[[41;97mERROR[41;31m][0m [1mTS2322: Type '{ [x: number]: any; user_id: string | null; login_type: any; pin: any; X_CSRF_TOKEN: string | null; token: string | null; X_id: string | null; }' is not assignable to type 'never'.[0m [1m[35m[plugin angular-compiler][0m

    src/app/general/profilemodal/profilemodal.component.ts:327:6:
[37m      327 â”‚       [32m{[37m
          â•µ       [32m^[0m


[31mâœ˜ [41;31m[[41;97mERROR[41;31m][0m [1mTS2339: Property 'name' does not exist on type 'never'.[0m [1m[35m[plugin angular-compiler][0m

    src/app/general/profilemodal/profilemodal.component.ts:329:28:
[37m      329 â”‚         [this.emailphone[0].[32mname[37m]: this.emailphone[0].value,
          â•µ                             [32m~~~~[0m


[31mâœ˜ [41;31m[[41;97mERROR[41;31m][0m [1mTS2339: Property 'value' does not exist on type 'never'.[0m [1m[35m[plugin angular-compiler][0m

    src/app/general/profilemodal/profilemodal.component.ts:329:54:
[37m      329 â”‚         [this.emailphone[0].name]: this.emailphone[0].[32mvalue[37m,
          â•µ                                                       [32m~~~~~[0m


[31mâœ˜ [41;31m[[41;97mERROR[41;31m][0m [1mTS2339: Property 'name' does not exist on type 'never'.[0m [1m[35m[plugin angular-compiler][0m

    src/app/general/profilemodal/profilemodal.component.ts:330:39:
[37m      330 â”‚         login_type: this.emailphone[0].[32mname[37m,
          â•µ                                        [32m~~~~[0m


[31mâœ˜ [41;31m[[41;97mERROR[41;31m][0m [1mTS2345: Argument of type 'string | null' is not assignable to parameter of type 'string'.
  Type 'null' is not assignable to type 'string'.[0m [1m[35m[plugin angular-compiler][0m

    src/app/general/profilemodal/profilemodal.component.ts:368:37:
[37m      368 â”‚ ...ormData.append('id', JSON.parse([32mlocalStorage.getItem('log')[37m).id);
          â•µ                                    [32m~~~~~~~~~~~~~~~~~~~~~~~~~~~[0m


[31mâœ˜ [41;31m[[41;97mERROR[41;31m][0m [1mTS2769: No overload matches this call.
  Overload 1 of 3, '(name: string, value: string | Blob): void', gave the following error.
    Argument of type 'string | null' is not assignable to parameter of type 'string | Blob'.
      Type 'null' is not assignable to type 'string | Blob'.
  Overload 2 of 3, '(name: string, value: string): void', gave the following error.
    Argument of type 'string | null' is not assignable to parameter of type 'string'.
      Type 'null' is not assignable to type 'string'.
  Overload 3 of 3, '(name: string, blobValue: Blob, filename?: string | undefined): void', gave the following error.
    Argument of type 'string | null' is not assignable to parameter of type 'Blob'.
      Type 'null' is not assignable to type 'Blob'.[0m [1m[35m[plugin angular-compiler][0m

    src/app/general/profilemodal/profilemodal.component.ts:371:36:
[37m      371 â”‚     formData.append('X_CSRF_TOKEN', [32mlocalStorage.getItem('token')[37m);
          â•µ                                     [32m~~~~~~~~~~~~~~~~~~~~~~~~~~~~~[0m


[31mâœ˜ [41;31m[[41;97mERROR[41;31m][0m [1mTS2769: No overload matches this call.
  Overload 1 of 3, '(name: string, value: string | Blob): void', gave the following error.
    Argument of type 'string | null' is not assignable to parameter of type 'string | Blob'.
      Type 'null' is not assignable to type 'string | Blob'.
  Overload 2 of 3, '(name: string, value: string): void', gave the following error.
    Argument of type 'string | null' is not assignable to parameter of type 'string'.
      Type 'null' is not assignable to type 'string'.
  Overload 3 of 3, '(name: string, blobValue: Blob, filename?: string | undefined): void', gave the following error.
    Argument of type 'string | null' is not assignable to parameter of type 'Blob'.
      Type 'null' is not assignable to type 'Blob'.[0m [1m[35m[plugin angular-compiler][0m

    src/app/general/profilemodal/profilemodal.component.ts:372:29:
[37m      372 â”‚     formData.append('token', [32mlocalStorage.getItem('token')[37m);
          â•µ                              [32m~~~~~~~~~~~~~~~~~~~~~~~~~~~~~[0m


[31mâœ˜ [41;31m[[41;97mERROR[41;31m][0m [1mTS2769: No overload matches this call.
  Overload 1 of 3, '(name: string, value: string | Blob): void', gave the following error.
    Argument of type 'string | null' is not assignable to parameter of type 'string | Blob'.
      Type 'null' is not assignable to type 'string | Blob'.
  Overload 2 of 3, '(name: string, value: string): void', gave the following error.
    Argument of type 'string | null' is not assignable to parameter of type 'string'.
      Type 'null' is not assignable to type 'string'.
  Overload 3 of 3, '(name: string, blobValue: Blob, filename?: string | undefined): void', gave the following error.
    Argument of type 'string | null' is not assignable to parameter of type 'Blob'.
      Type 'null' is not assignable to type 'Blob'.[0m [1m[35m[plugin angular-compiler][0m

    src/app/general/profilemodal/profilemodal.component.ts:373:28:
[37m      373 â”‚     formData.append('X_id', [32mlocalStorage.getItem('id')[37m);
          â•µ                             [32m~~~~~~~~~~~~~~~~~~~~~~~~~~[0m


[31mâœ˜ [41;31m[[41;97mERROR[41;31m][0m [1mTS2339: Property 'name' does not exist on type 'never'.[0m [1m[35m[plugin angular-compiler][0m

    src/app/general/profilemodal/profilemodal.component.ts:416:39:
[37m      416 â”‚ ...rmData.append(this.emailphone[0].[32mname[37m, this.emailphone[0].value);
          â•µ                                     [32m~~~~[0m


[31mâœ˜ [41;31m[[41;97mERROR[41;31m][0m [1mTS2339: Property 'value' does not exist on type 'never'.[0m [1m[35m[plugin angular-compiler][0m

    src/app/general/profilemodal/profilemodal.component.ts:416:64:
[37m      416 â”‚ ...rmData.append(this.emailphone[0].name, this.emailphone[0].[32mvalue[37m);
          â•µ                                                              [32m~~~~~[0m


[31mâœ˜ [41;31m[[41;97mERROR[41;31m][0m [1mTS2339: Property 'value' does not exist on type 'never'.[0m [1m[35m[plugin angular-compiler][0m

    src/app/general/profilemodal/profilemodal.component.ts:417:53:
[37m      417 â”‚     formData.append('login_type', this.emailphone[0].[32mvalue[37m);
          â•µ                                                      [32m~~~~~[0m


[31mâœ˜ [41;31m[[41;97mERROR[41;31m][0m [1mTS2345: Argument of type 'string | null' is not assignable to parameter of type 'string'.
  Type 'null' is not assignable to type 'string'.[0m [1m[35m[plugin angular-compiler][0m

    src/app/general/profilemodal/profilemodal.component.ts:421:37:
[37m      421 â”‚ ...ormData.append('id', JSON.parse([32mlocalStorage.getItem('log')[37m).id);
          â•µ                                    [32m~~~~~~~~~~~~~~~~~~~~~~~~~~~[0m


[31mâœ˜ [41;31m[[41;97mERROR[41;31m][0m [1mTS2769: No overload matches this call.
  Overload 1 of 3, '(name: string, value: string | Blob): void', gave the following error.
    Argument of type 'string | null' is not assignable to parameter of type 'string | Blob'.
      Type 'null' is not assignable to type 'string | Blob'.
  Overload 2 of 3, '(name: string, value: string): void', gave the following error.
    Argument of type 'string | null' is not assignable to parameter of type 'string'.
      Type 'null' is not assignable to type 'string'.
  Overload 3 of 3, '(name: string, blobValue: Blob, filename?: string | undefined): void', gave the following error.
    Argument of type 'string | null' is not assignable to parameter of type 'Blob'.
      Type 'null' is not assignable to type 'Blob'.[0m [1m[35m[plugin angular-compiler][0m

    src/app/general/profilemodal/profilemodal.component.ts:422:36:
[37m      422 â”‚     formData.append('X_CSRF_TOKEN', [32mlocalStorage.getItem('token')[37m);
          â•µ                                     [32m~~~~~~~~~~~~~~~~~~~~~~~~~~~~~[0m


[31mâœ˜ [41;31m[[41;97mERROR[41;31m][0m [1mTS2769: No overload matches this call.
  Overload 1 of 3, '(name: string, value: string | Blob): void', gave the following error.
    Argument of type 'string | null' is not assignable to parameter of type 'string | Blob'.
      Type 'null' is not assignable to type 'string | Blob'.
  Overload 2 of 3, '(name: string, value: string): void', gave the following error.
    Argument of type 'string | null' is not assignable to parameter of type 'string'.
      Type 'null' is not assignable to type 'string'.
  Overload 3 of 3, '(name: string, blobValue: Blob, filename?: string | undefined): void', gave the following error.
    Argument of type 'string | null' is not assignable to parameter of type 'Blob'.
      Type 'null' is not assignable to type 'Blob'.[0m [1m[35m[plugin angular-compiler][0m

    src/app/general/profilemodal/profilemodal.component.ts:423:29:
[37m      423 â”‚     formData.append('token', [32mlocalStorage.getItem('token')[37m);
          â•µ                              [32m~~~~~~~~~~~~~~~~~~~~~~~~~~~~~[0m


[31mâœ˜ [41;31m[[41;97mERROR[41;31m][0m [1mTS2769: No overload matches this call.
  Overload 1 of 3, '(name: string, value: string | Blob): void', gave the following error.
    Argument of type 'string | null' is not assignable to parameter of type 'string | Blob'.
      Type 'null' is not assignable to type 'string | Blob'.
  Overload 2 of 3, '(name: string, value: string): void', gave the following error.
    Argument of type 'string | null' is not assignable to parameter of type 'string'.
      Type 'null' is not assignable to type 'string'.
  Overload 3 of 3, '(name: string, blobValue: Blob, filename?: string | undefined): void', gave the following error.
    Argument of type 'string | null' is not assignable to parameter of type 'Blob'.
      Type 'null' is not assignable to type 'Blob'.[0m [1m[35m[plugin angular-compiler][0m

    src/app/general/profilemodal/profilemodal.component.ts:424:28:
[37m      424 â”‚     formData.append('X_id', [32mlocalStorage.getItem('id')[37m);
          â•µ                             [32m~~~~~~~~~~~~~~~~~~~~~~~~~~[0m


[31mâœ˜ [41;31m[[41;97mERROR[41;31m][0m [1mTS2322: Type '{ id: any; sub_profile_id: any; X_CSRF_TOKEN: string | null; token: string | null; X_id: string | null; }' is not assignable to type 'never'.[0m [1m[35m[plugin angular-compiler][0m

    src/app/general/profilemodal/profilemodal.component.ts:455:18:
[37m      455 â”‚     deleteData = [[32m{[37m
          â•µ                   [32m^[0m


[31mâœ˜ [41;31m[[41;97mERROR[41;31m][0m [1mTS2345: Argument of type 'string | null' is not assignable to parameter of type 'string'.
  Type 'null' is not assignable to type 'string'.[0m [1m[35m[plugin angular-compiler][0m

    src/app/general/profilemodal/profilemodal.component.ts:456:21:
[37m      456 â”‚       id: JSON.parse([32mlocalStorage.getItem('log')[37m).id,
          â•µ                      [32m~~~~~~~~~~~~~~~~~~~~~~~~~~~[0m


[31mâœ˜ [41;31m[[41;97mERROR[41;31m][0m [1mTS2339: Property 'name' does not exist on type 'never'.[0m [1m[35m[plugin angular-compiler][0m

    src/app/general/profilemodal/profilemodal.component.ts:492:26:
[37m      492 â”‚       [this.emailphone[0].[32mname[37m]: this.emailphone[0].value,
          â•µ                           [32m~~~~[0m


[31mâœ˜ [41;31m[[41;97mERROR[41;31m][0m [1mTS2339: Property 'value' does not exist on type 'never'.[0m [1m[35m[plugin angular-compiler][0m

    src/app/general/profilemodal/profilemodal.component.ts:492:52:
[37m      492 â”‚       [this.emailphone[0].name]: this.emailphone[0].[32mvalue[37m,
          â•µ                                                     [32m~~~~~[0m


[31mâœ˜ [41;31m[[41;97mERROR[41;31m][0m [1mTS2339: Property 'name' does not exist on type 'never'.[0m [1m[35m[plugin angular-compiler][0m

    src/app/general/profilemodal/profilemodal.component.ts:493:37:
[37m      493 â”‚       login_type: this.emailphone[0].[32mname[37m,
          â•µ                                      [32m~~~~[0m


[31mâœ˜ [41;31m[[41;97mERROR[41;31m][0m [1mTS2339: Property 'name' does not exist on type 'never'.[0m [1m[35m[plugin angular-compiler][0m

    src/app/general/profilemodal/profilemodal.component.ts:528:28:
[37m      528 â”‚         [this.emailphone[0].[32mname[37m]: this.emailphone[0].value,
          â•µ                             [32m~~~~[0m


[31mâœ˜ [41;31m[[41;97mERROR[41;31m][0m [1mTS2339: Property 'value' does not exist on type 'never'.[0m [1m[35m[plugin angular-compiler][0m

    src/app/general/profilemodal/profilemodal.component.ts:528:54:
[37m      528 â”‚         [this.emailphone[0].name]: this.emailphone[0].[32mvalue[37m,
          â•µ                                                       [32m~~~~~[0m


[31mâœ˜ [41;31m[[41;97mERROR[41;31m][0m [1mTS2339: Property 'name' does not exist on type 'never'.[0m [1m[35m[plugin angular-compiler][0m

    src/app/general/profilemodal/profilemodal.component.ts:529:39:
[37m      529 â”‚         login_type: this.emailphone[0].[32mname[37m,
          â•µ                                        [32m~~~~[0m


[31mâœ˜ [41;31m[[41;97mERROR[41;31m][0m [1mTS2322: Type '{ [x: number]: any; login_type: any; user_id: string | null; token: string | null; otp: any; X_CSRF_TOKEN: string | null; X_id: string | null; }' is not assignable to type 'never'.[0m [1m[35m[plugin angular-compiler][0m

    src/app/general/profilemodal/profilemodal.component.ts:561:6:
[37m      561 â”‚       [32m{[37m
          â•µ       [32m^[0m


[31mâœ˜ [41;31m[[41;97mERROR[41;31m][0m [1mTS2339: Property 'name' does not exist on type 'never'.[0m [1m[35m[plugin angular-compiler][0m

    src/app/general/profilemodal/profilemodal.component.ts:562:28:
[37m      562 â”‚         [this.emailphone[0].[32mname[37m]: this.emailphone[0].value,
          â•µ                             [32m~~~~[0m


[31mâœ˜ [41;31m[[41;97mERROR[41;31m][0m [1mTS2339: Property 'value' does not exist on type 'never'.[0m [1m[35m[plugin angular-compiler][0m

    src/app/general/profilemodal/profilemodal.component.ts:562:54:
[37m      562 â”‚         [this.emailphone[0].name]: this.emailphone[0].[32mvalue[37m,
          â•µ                                                       [32m~~~~~[0m


[31mâœ˜ [41;31m[[41;97mERROR[41;31m][0m [1mTS2339: Property 'name' does not exist on type 'never'.[0m [1m[35m[plugin angular-compiler][0m

    src/app/general/profilemodal/profilemodal.component.ts:563:39:
[37m      563 â”‚         login_type: this.emailphone[0].[32mname[37m,
          â•µ                                        [32m~~~~[0m


[31mâœ˜ [41;31m[[41;97mERROR[41;31m][0m [1mTS2307: Cannot find module './../checkmail.pipe' or its corresponding type declarations.[0m [1m[35m[plugin angular-compiler][0m

    src/app/general/service.service.ts:4:30:
[37m      4 â”‚ import { CheckmailPipe } from [32m'./../checkmail.pipe'[37m;
        â•µ                               [32m~~~~~~~~~~~~~~~~~~~~~[0m


[31mâœ˜ [41;31m[[41;97mERROR[41;31m][0m [1mCould not resolve "./../checkmail.pipe"[0m

    src/app/general/service.service.ts:5:30:
[37m      5 â”‚ import { CheckmailPipe } from [32m'./../checkmail.pipe'[37m;
        â•µ                               [32m~~~~~~~~~~~~~~~~~~~~~[0m


[31mâœ˜ [41;31m[[41;97mERROR[41;31m][0m [1mTS2322: Type 'any' is not assignable to type 'never'.[0m [1m[35m[plugin angular-compiler][0m

    src/app/general/videopopup/videopopup.component.ts:120:24:
[37m      120 â”‚ ...yVideo = [[32mJSON.parse(JSON.stringify(this.passedData.game.video[37m...
          â•µ              [32m~~~~~~~~~~~~~~~~~~~~~~~~~~~~~~~~~~~~~~~~~~~~~~~~~~~~[0m


[31mâœ˜ [41;31m[[41;97mERROR[41;31m][0m [1mTS2339: Property 'split' does not exist on type 'never'.[0m [1m[35m[plugin angular-compiler][0m

    src/app/general/videopopup/videopopup.component.ts:124:84:
[37m      124 â”‚ ...ttps://www.youtube.com/embed/' + this.playVideo[0].[32msplit[37m('=')[1];
          â•µ                                                       [32m~~~~~[0m


[31mâœ˜ [41;31m[[41;97mERROR[41;31m][0m [1mTS2345: Argument of type 'string | null' is not assignable to parameter of type 'string'.
  Type 'null' is not assignable to type 'string'.[0m [1m[35m[plugin angular-compiler][0m

    src/app/general/videopopup/videopopup.component.ts:260:32:
[37m      260 â”‚       sub_profile_id:JSON.parse([32mlocalStorage.getItem('main')[37m).id,
          â•µ                                 [32m~~~~~~~~~~~~~~~~~~~~~~~~~~~~[0m


[31mâœ˜ [41;31m[[41;97mERROR[41;31m][0m [1mTS2339: Property 'googleAnalyticsKey' does not exist on type '{ production: boolean; apiUrl: string; }'.[0m [1m[35m[plugin angular-compiler][0m

    src/app/googleanalyticsservice.service.ts:44:44:
[37m      44 â”‚             gtag('config', '` + environment.[32mgoogleAnalyticsKey[37m + `',
         â•µ                                             [32m~~~~~~~~~~~~~~~~~~[0m


[31mâœ˜ [41;31m[[41;97mERROR[41;31m][0m [1mCould not resolve "src/environments/environment"[0m

    src/app/httpinterceptor.service.ts:5:28:
[37m      5 â”‚ import { environment } from [32m'src/environments/environment'[37m;
        â•µ                             [32m~~~~~~~~~~~~~~~~~~~~~~~~~~~~~~[0m

  You can mark the path "src/environments/environment" as external to exclude it from the bundle, which will remove this error and leave the unresolved path in the bundle.


[31mâœ˜ [41;31m[[41;97mERROR[41;31m][0m [1mTS2307: Cannot find module 'src/environments/environment' or its corresponding type declarations.[0m [1m[35m[plugin angular-compiler][0m

    src/app/httpinterceptor.service.ts:8:28:
[37m      8 â”‚ import { environment } from [32m'src/environments/environment'[37m;
        â•µ                             [32m~~~~~~~~~~~~~~~~~~~~~~~~~~~~~~[0m


[31mâœ˜ [41;31m[[41;97mERROR[41;31m][0m [1mTS2339: Property 'imageUrl' does not exist on type '{ production: boolean; apiUrl: string; }'.[0m [1m[35m[plugin angular-compiler][0m

    src/app/kids/kids-mainpage/kids-mainpage.component.ts:153:25:
[37m      153 â”‚         img: environment.[32mimageUrl[37m+'kids.webp',
          â•µ                          [32m~~~~~~~~[0m


[31mâœ˜ [41;31m[[41;97mERROR[41;31m][0m [1mTS2339: Property 'imageUrl' does not exist on type '{ production: boolean; apiUrl: string; }'.[0m [1m[35m[plugin angular-compiler][0m

    src/app/kids/selectkid/selectkid.component.ts:16:29:
[37m      16 â”‚   path: string = environment.[32mimageUrl[37m;
         â•µ                              [32m~~~~~~~~[0m


[31mâœ˜ [41;31m[[41;97mERROR[41;31m][0m [1mTS2322: Type 'any' is not assignable to type 'never'.[0m [1m[35m[plugin angular-compiler][0m

    src/app/kids/selectkid/selectkid.component.ts:96:23:
[37m      96 â”‚       this.leapData = [[32mJSON.parse(JSON.stringify(data))[37m];
         â•µ                        [32m~~~~~~~~~~~~~~~~~~~~~~~~~~~~~~~~[0m


[31mâœ˜ [41;31m[[41;97mERROR[41;31m][0m [1mTS2339: Property 'collections' does not exist on type 'never'.[0m [1m[35m[plugin angular-compiler][0m

    src/app/kids/selectkid/selectkid.component.ts:99:12:
[37m      99 â”‚         Obj.[32mcollections[37m.forEach(Obj1 => {
         â•µ             [32m~~~~~~~~~~~[0m


[31mâœ˜ [41;31m[[41;97mERROR[41;31m][0m [1mTS2345: Argument of type 'any' is not assignable to parameter of type 'never'.[0m [1m[35m[plugin angular-compiler][0m

    src/app/kids/selectkid/selectkid.component.ts:107:40:
[37m      107 â”‚                     this.groupList.push([32mthis.image[37m);
          â•µ                                         [32m~~~~~~~~~~[0m


[31mâœ˜ [41;31m[[41;97mERROR[41;31m][0m [1mTS2345: Argument of type '{ sub_category_name: any; source: never[]; }' is not assignable to parameter of type 'never'.[0m [1m[35m[plugin angular-compiler][0m

    src/app/kids/selectkid/selectkid.component.ts:113:34:
[37m      113 â”‚ ...ies.push( [32m{ 'sub_category_name' : Obj2.name , 'source':  this.[37m...
          â•µ              [32m~~~~~~~~~~~~~~~~~~~~~~~~~~~~~~~~~~~~~~~~~~~~~~~~~~~~[0m


[31mâœ˜ [41;31m[[41;97mERROR[41;31m][0m [1mTS2345: Argument of type 'never[]' is not assignable to parameter of type 'never'.[0m [1m[35m[plugin angular-compiler][0m

    src/app/kids/selectkid/selectkid.component.ts:116:31:
[37m      116 â”‚           this.mainLists.push( [32mthis.categories[37m );
          â•µ                                [32m~~~~~~~~~~~~~~~[0m


[31mâœ˜ [41;31m[[41;97mERROR[41;31m][0m [1mTS2339: Property 'leapUrl' does not exist on type '{ production: boolean; apiUrl: string; }'.[0m [1m[35m[plugin angular-compiler][0m

    src/app/kids/service.service.ts:28:35:
[37m      28 â”‚     this.leapLearURL = environment.[32mleapUrl[37m;
         â•µ                                    [32m~~~~~~~[0m


[31mâœ˜ [41;31m[[41;97mERROR[41;31m][0m [1mTS2305: Module '"@angular/core/testing"' has no exported member 'async'.[0m [1m[35m[plugin angular-compiler][0m

    src/app/myaccount/account/account.component.spec.ts:1:9:
[37m      1 â”‚ import { [32masync[37m, ComponentFixture, TestBed } from '@angular/core/tes...
        â•µ          [32m~~~~~[0m


[31mâœ˜ [41;31m[[41;97mERROR[41;31m][0m [1mTS2345: Argument of type 'string | null' is not assignable to parameter of type 'string'.
  Type 'null' is not assignable to type 'string'.[0m [1m[35m[plugin angular-compiler][0m

    src/app/myaccount/account/account.component.ts:44:27:
[37m      44 â”‚       user_id : JSON.parse([32mlocalStorage.getItem('log')[37m).id
         â•µ                            [32m~~~~~~~~~~~~~~~~~~~~~~~~~~~[0m


[31mâœ˜ [41;31m[[41;97mERROR[41;31m][0m [1mTS2345: Argument of type 'string | null' is not assignable to parameter of type 'string'.
  Type 'null' is not assignable to type 'string'.[0m [1m[35m[plugin angular-compiler][0m

    src/app/myaccount/account/account.component.ts:50:35:
[37m      50 â”‚ ... this.emailphone = JSON.parse([32mlocalStorage.getItem('emailPhone')[37m);
         â•µ                                  [32m~~~~~~~~~~~~~~~~~~~~~~~~~~~~~~~~~~[0m


[31mâœ˜ [41;31m[[41;97mERROR[41;31m][0m [1mTS2345: Argument of type 'string | null' is not assignable to parameter of type 'string'.
  Type 'null' is not assignable to type 'string'.[0m [1m[35m[plugin angular-compiler][0m

    src/app/myaccount/account/account.component.ts:51:31:
[37m      51 â”‚ ...  this.email = [JSON.parse([32mlocalStorage.getItem('log')[37m)][0].email;
         â•µ                               [32m~~~~~~~~~~~~~~~~~~~~~~~~~~~[0m


[31mâœ˜ [41;31m[[41;97mERROR[41;31m][0m [1mTS2345: Argument of type 'string | null' is not assignable to parameter of type 'string'.
  Type 'null' is not assignable to type 'string'.[0m [1m[35m[plugin angular-compiler][0m

    src/app/myaccount/account/account.component.ts:52:31:
[37m      52 â”‚ ... this.phone = [JSON.parse([32mlocalStorage.getItem('log')[37m)][0].mobile;
         â•µ                              [32m~~~~~~~~~~~~~~~~~~~~~~~~~~~[0m


[31mâœ˜ [41;31m[[41;97mERROR[41;31m][0m [1mTS2305: Module '"@angular/core/testing"' has no exported member 'async'.[0m [1m[35m[plugin angular-compiler][0m

    src/app/myaccount/avattacard/avattacard.component.spec.ts:1:9:
[37m      1 â”‚ import { [32masync[37m, ComponentFixture, TestBed } from '@angular/core/tes...
        â•µ          [32m~~~~~[0m


[31mâœ˜ [41;31m[[41;97mERROR[41;31m][0m [1mTS2305: Module '"@angular/core/testing"' has no exported member 'async'.[0m [1m[35m[plugin angular-compiler][0m

    src/app/myaccount/billing/billing.component.spec.ts:1:9:
[37m      1 â”‚ import { [32masync[37m, ComponentFixture, TestBed } from '@angular/core/tes...
        â•µ          [32m~~~~~[0m


[31mâœ˜ [41;31m[[41;97mERROR[41;31m][0m [1mTS2305: Module '"@angular/core/testing"' has no exported member 'async'.[0m [1m[35m[plugin angular-compiler][0m

    src/app/myaccount/cancellation/cancellation.component.spec.ts:1:9:
[37m      1 â”‚ import { [32masync[37m, ComponentFixture, TestBed } from '@angular/core/tes...
        â•µ          [32m~~~~~[0m


[31mâœ˜ [41;31m[[41;97mERROR[41;31m][0m [1mTS2345: Argument of type 'string | null' is not assignable to parameter of type 'string'.
  Type 'null' is not assignable to type 'string'.[0m [1m[35m[plugin angular-compiler][0m

    src/app/myaccount/cancellation/cancellation.component.ts:70:22:
[37m      70 â”‚       id : JSON.parse([32mlocalStorage.getItem('log')[37m).id
         â•µ                       [32m~~~~~~~~~~~~~~~~~~~~~~~~~~~[0m


[31mâœ˜ [41;31m[[41;97mERROR[41;31m][0m [1mTS2305: Module '"@angular/core/testing"' has no exported member 'async'.[0m [1m[35m[plugin angular-compiler][0m

    src/app/myaccount/changeemail/changeemail.component.spec.ts:1:9:
[37m      1 â”‚ import { [32masync[37m, ComponentFixture, TestBed } from '@angular/core/tes...
        â•µ          [32m~~~~~[0m


[31mâœ˜ [41;31m[[41;97mERROR[41;31m][0m [1mTS2305: Module '"@angular/core/testing"' has no exported member 'async'.[0m [1m[35m[plugin angular-compiler][0m

    src/app/myaccount/changepassword/changepassword.component.spec.ts:1:9:
[37m      1 â”‚ import { [32masync[37m, ComponentFixture, TestBed } from '@angular/core/tes...
        â•µ          [32m~~~~~[0m


[31mâœ˜ [41;31m[[41;97mERROR[41;31m][0m [1mTS2307: Cannot find module '../../checkmail.pipe' or its corresponding type declarations.[0m [1m[35m[plugin angular-compiler][0m

    src/app/myaccount/changepassword/changepassword.component.ts:7:30:
[37m      7 â”‚ import { CheckmailPipe } from [32m'../../checkmail.pipe'[37m;
        â•µ                               [32m~~~~~~~~~~~~~~~~~~~~~~[0m


[31mâœ˜ [41;31m[[41;97mERROR[41;31m][0m [1mCould not resolve "../../checkmail.pipe"[0m

    src/app/myaccount/changepassword/changepassword.component.ts:10:30:
[37m      10 â”‚ import { CheckmailPipe } from [32m'../../checkmail.pipe'[37m;
         â•µ                               [32m~~~~~~~~~~~~~~~~~~~~~~[0m


[31mâœ˜ [41;31m[[41;97mERROR[41;31m][0m [1mTS2339: Property 'name' does not exist on type 'never'.[0m [1m[35m[plugin angular-compiler][0m

    src/app/myaccount/changepassword/changepassword.component.ts:130:28:
[37m      130 â”‚         [this.emailphone[0].[32mname[37m]: this.emailphone[0].value,
          â•µ                             [32m~~~~[0m


[31mâœ˜ [41;31m[[41;97mERROR[41;31m][0m [1mTS2339: Property 'value' does not exist on type 'never'.[0m [1m[35m[plugin angular-compiler][0m

    src/app/myaccount/changepassword/changepassword.component.ts:130:54:
[37m      130 â”‚         [this.emailphone[0].name]: this.emailphone[0].[32mvalue[37m,
          â•µ                                                       [32m~~~~~[0m


[31mâœ˜ [41;31m[[41;97mERROR[41;31m][0m [1mTS2339: Property 'name' does not exist on type 'never'.[0m [1m[35m[plugin angular-compiler][0m

    src/app/myaccount/changepassword/changepassword.component.ts:131:39:
[37m      131 â”‚         login_type: this.emailphone[0].[32mname[37m,
          â•µ                                        [32m~~~~[0m


[31mâœ˜ [41;31m[[41;97mERROR[41;31m][0m [1mTS2305: Module '"@angular/core/testing"' has no exported member 'async'.[0m [1m[35m[plugin angular-compiler][0m

    src/app/myaccount/changephoneno/changephoneno.component.spec.ts:1:9:
[37m      1 â”‚ import { [32masync[37m, ComponentFixture, TestBed } from '@angular/core/tes...
        â•µ          [32m~~~~~[0m


[31mâœ˜ [41;31m[[41;97mERROR[41;31m][0m [1mTS2305: Module '"@angular/core/testing"' has no exported member 'async'.[0m [1m[35m[plugin angular-compiler][0m

    src/app/myaccount/changeplan/changeplan.component.spec.ts:1:9:
[37m      1 â”‚ import { [32masync[37m, ComponentFixture, TestBed } from '@angular/core/tes...
        â•µ          [32m~~~~~[0m


[31mâœ˜ [41;31m[[41;97mERROR[41;31m][0m [1mTS2345: Argument of type 'string | null' is not assignable to parameter of type 'string'.
  Type 'null' is not assignable to type 'string'.[0m [1m[35m[plugin angular-compiler][0m

    src/app/myaccount/changeplan/changeplan.component.ts:71:28:
[37m      71 â”‚         let mn = JSON.parse([32mlocalStorage.getItem('log')[37m).mobile;
         â•µ                             [32m~~~~~~~~~~~~~~~~~~~~~~~~~~~[0m


[31mâœ˜ [41;31m[[41;97mERROR[41;31m][0m [1mTS2305: Module '"@angular/core/testing"' has no exported member 'async'.[0m [1m[35m[plugin angular-compiler][0m

    src/app/myaccount/chooseplan/chooseplan.component.spec.ts:1:9:
[37m      1 â”‚ import { [32masync[37m, ComponentFixture, TestBed } from '@angular/core/tes...
        â•µ          [32m~~~~~[0m


[31mâœ˜ [41;31m[[41;97mERROR[41;31m][0m [1mTS2345: Argument of type 'string | null' is not assignable to parameter of type 'string'.
  Type 'null' is not assignable to type 'string'.[0m [1m[35m[plugin angular-compiler][0m

    src/app/myaccount/chooseplan/chooseplan.component.ts:64:27:
[37m      64 â”‚       user_id : JSON.parse([32mlocalStorage.getItem('log')[37m).id
         â•µ                            [32m~~~~~~~~~~~~~~~~~~~~~~~~~~~[0m


[31mâœ˜ [41;31m[[41;97mERROR[41;31m][0m [1mTS2345: Argument of type 'string | null' is not assignable to parameter of type 'string'.
  Type 'null' is not assignable to type 'string'.[0m [1m[35m[plugin angular-compiler][0m

    src/app/myaccount/chooseplan/chooseplan.component.ts:70:18:
[37m      70 â”‚     if(JSON.parse([32mlocalStorage.getItem('log')[37m).mobile){
         â•µ                   [32m~~~~~~~~~~~~~~~~~~~~~~~~~~~[0m


[31mâœ˜ [41;31m[[41;97mERROR[41;31m][0m [1mTS2345: Argument of type 'string | null' is not assignable to parameter of type 'string'.
  Type 'null' is not assignable to type 'string'.[0m [1m[35m[plugin angular-compiler][0m

    src/app/myaccount/chooseplan/chooseplan.component.ts:71:38:
[37m      71 â”‚ ...is.billingMobile = JSON.parse([32mlocalStorage.getItem('log')[37m).mobile;
         â•µ                                  [32m~~~~~~~~~~~~~~~~~~~~~~~~~~~[0m


[31mâœ˜ [41;31m[[41;97mERROR[41;31m][0m [1mTS2339: Property 'sources' does not exist on type 'never'.[0m [1m[35m[plugin angular-compiler][0m

    src/app/myaccount/chooseplan/chooseplan.component.ts:85:14:
[37m      85 â”‚         data1.[32msources[37m.forEach((data2, i) => {
         â•µ               [32m~~~~~~~[0m


[31mâœ˜ [41;31m[[41;97mERROR[41;31m][0m [1mTS2339: Property 'currency' does not exist on type 'never'.[0m [1m[35m[plugin angular-compiler][0m

    src/app/myaccount/chooseplan/chooseplan.component.ts:89:29:
[37m      89 â”‚             currency = data1.[32mcurrency[37m;
         â•µ                              [32m~~~~~~~~[0m


[31mâœ˜ [41;31m[[41;97mERROR[41;31m][0m [1mTS2345: Argument of type '{ id: any; title: any; currency: any; data: any[]; }' is not assignable to parameter of type 'never'.[0m [1m[35m[plugin angular-compiler][0m

    src/app/myaccount/chooseplan/chooseplan.component.ts:91:24:
[37m      91 â”‚ ....src.push([32m{id:id, title:title.substring(0, title.lastIndexOf(" [37m...
         â•µ              [32m~~~~~~~~~~~~~~~~~~~~~~~~~~~~~~~~~~~~~~~~~~~~~~~~~~~~~[0m


[31mâœ˜ [41;31m[[41;97mERROR[41;31m][0m [1mTS2345: Argument of type '{ id: any; sources: never[]; title: any; }' is not assignable to parameter of type 'never'.[0m [1m[35m[plugin angular-compiler][0m

    src/app/myaccount/chooseplan/chooseplan.component.ts:93:23:
[37m      93 â”‚ ...his.main.push([32m{id:data1.id, sources:this.src, title:data1.title}[37m);
         â•µ                  [32m~~~~~~~~~~~~~~~~~~~~~~~~~~~~~~~~~~~~~~~~~~~~~~~~~~[0m


[31mâœ˜ [41;31m[[41;97mERROR[41;31m][0m [1mTS2339: Property 'id' does not exist on type 'never'.[0m [1m[35m[plugin angular-compiler][0m

    src/app/myaccount/chooseplan/chooseplan.component.ts:93:33:
[37m      93 â”‚         this.main.push({id:data1.[32mid[37m, sources:this.src, title:data1...
         â•µ                                  [32m~~[0m


[31mâœ˜ [41;31m[[41;97mERROR[41;31m][0m [1mTS2339: Property 'title' does not exist on type 'never'.[0m [1m[35m[plugin angular-compiler][0m

    src/app/myaccount/chooseplan/chooseplan.component.ts:93:67:
[37m      93 â”‚ ...his.main.push({id:data1.id, sources:this.src, title:data1.[32mtitle[37m});
         â•µ                                                              [32m~~~~~[0m


[31mâœ˜ [41;31m[[41;97mERROR[41;31m][0m [1mTS2339: Property 'sources' does not exist on type 'never'.[0m [1m[35m[plugin angular-compiler][0m

    src/app/myaccount/chooseplan/chooseplan.component.ts:99:38:
[37m      99 â”‚       this.main[this.main.length - 1].[32msources[37m.pop();
         â•µ                                       [32m~~~~~~~[0m


[31mâœ˜ [41;31m[[41;97mERROR[41;31m][0m [1mTS2345: Argument of type 'string | null' is not assignable to parameter of type 'string'.
  Type 'null' is not assignable to type 'string'.[0m [1m[35m[plugin angular-compiler][0m

    src/app/myaccount/chooseplan/chooseplan.component.ts:172:36:
[37m      172 â”‚                 user_id: JSON.parse([32mlocalStorage.getItem('id')[37m),
          â•µ                                     [32m~~~~~~~~~~~~~~~~~~~~~~~~~~[0m


[31mâœ˜ [41;31m[[41;97mERROR[41;31m][0m [1mTS2345: Argument of type 'string | null' is not assignable to parameter of type 'string'.
  Type 'null' is not assignable to type 'string'.[0m [1m[35m[plugin angular-compiler][0m

    src/app/myaccount/chooseplan/chooseplan.component.ts:214:30:
[37m      214 â”‚           user_id: JSON.parse([32mlocalStorage.getItem('id')[37m),
          â•µ                               [32m~~~~~~~~~~~~~~~~~~~~~~~~~~[0m


[31mâœ˜ [41;31m[[41;97mERROR[41;31m][0m [1mTS2345: Argument of type 'string | null' is not assignable to parameter of type 'string'.
  Type 'null' is not assignable to type 'string'.[0m [1m[35m[plugin angular-compiler][0m

    src/app/myaccount/chooseplan/chooseplan.component.ts:255:36:
[37m      255 â”‚                 user_id: JSON.parse([32mlocalStorage.getItem('log')[37m).id,
          â•µ                                     [32m~~~~~~~~~~~~~~~~~~~~~~~~~~~[0m


[31mâœ˜ [41;31m[[41;97mERROR[41;31m][0m [1mTS2345: Argument of type 'string | null' is not assignable to parameter of type 'string'.
  Type 'null' is not assignable to type 'string'.[0m [1m[35m[plugin angular-compiler][0m

    src/app/myaccount/chooseplan/chooseplan.component.ts:257:34:
[37m      257 â”‚ ...           mobile:JSON.parse([32mlocalStorage.getItem('log')[37m).mobile,
          â•µ                                 [32m~~~~~~~~~~~~~~~~~~~~~~~~~~~[0m


[31mâœ˜ [41;31m[[41;97mERROR[41;31m][0m [1mTS2345: Argument of type 'string | null' is not assignable to parameter of type 'string'.
  Type 'null' is not assignable to type 'string'.[0m [1m[35m[plugin angular-compiler][0m

    src/app/myaccount/chooseplan/chooseplan.component.ts:258:39:
[37m      258 â”‚ ...        user_token: JSON.parse([32mlocalStorage.getItem('log')[37m).token
          â•µ                                   [32m~~~~~~~~~~~~~~~~~~~~~~~~~~~[0m


[31mâœ˜ [41;31m[[41;97mERROR[41;31m][0m [1mTS2345: Argument of type 'string | null' is not assignable to parameter of type 'string'.
  Type 'null' is not assignable to type 'string'.[0m [1m[35m[plugin angular-compiler][0m

    src/app/myaccount/chooseplan/chooseplan.component.ts:267:35:
[37m      267 â”‚                 user_id:JSON.parse([32mlocalStorage.getItem('log')[37m).id,
          â•µ                                    [32m~~~~~~~~~~~~~~~~~~~~~~~~~~~[0m


[31mâœ˜ [41;31m[[41;97mERROR[41;31m][0m [1mTS2345: Argument of type 'string | null' is not assignable to parameter of type 'string'.
  Type 'null' is not assignable to type 'string'.[0m [1m[35m[plugin angular-compiler][0m

    src/app/myaccount/chooseplan/chooseplan.component.ts:268:38:
[37m      268 â”‚ ...        user_token:JSON.parse([32mlocalStorage.getItem('log')[37m).token,
          â•µ                                  [32m~~~~~~~~~~~~~~~~~~~~~~~~~~~[0m


[31mâœ˜ [41;31m[[41;97mERROR[41;31m][0m [1mTS2345: Argument of type 'string | null' is not assignable to parameter of type 'string'.
  Type 'null' is not assignable to type 'string'.[0m [1m[35m[plugin angular-compiler][0m

    src/app/myaccount/chooseplan/chooseplan.component.ts:271:34:
[37m      271 â”‚               let id = JSON.parse([32mlocalStorage.getItem('id')[37m);
          â•µ                                   [32m~~~~~~~~~~~~~~~~~~~~~~~~~~[0m


[31mâœ˜ [41;31m[[41;97mERROR[41;31m][0m [1mTS2345: Argument of type 'string | null' is not assignable to parameter of type 'string'.
  Type 'null' is not assignable to type 'string'.[0m [1m[35m[plugin angular-compiler][0m

    src/app/myaccount/chooseplan/chooseplan.component.ts:290:30:
[37m      290 â”‚           user_id: JSON.parse([32mlocalStorage.getItem('log')[37m).id,
          â•µ                               [32m~~~~~~~~~~~~~~~~~~~~~~~~~~~[0m


[31mâœ˜ [41;31m[[41;97mERROR[41;31m][0m [1mTS2345: Argument of type 'string | null' is not assignable to parameter of type 'string'.
  Type 'null' is not assignable to type 'string'.[0m [1m[35m[plugin angular-compiler][0m

    src/app/myaccount/chooseplan/chooseplan.component.ts:292:28:
[37m      292 â”‚           mobile:JSON.parse([32mlocalStorage.getItem('log')[37m).mobile,
          â•µ                             [32m~~~~~~~~~~~~~~~~~~~~~~~~~~~[0m


[31mâœ˜ [41;31m[[41;97mERROR[41;31m][0m [1mTS2345: Argument of type 'string | null' is not assignable to parameter of type 'string'.
  Type 'null' is not assignable to type 'string'.[0m [1m[35m[plugin angular-compiler][0m

    src/app/myaccount/chooseplan/chooseplan.component.ts:293:33:
[37m      293 â”‚           user_token: JSON.parse([32mlocalStorage.getItem('log')[37m).token
          â•µ                                  [32m~~~~~~~~~~~~~~~~~~~~~~~~~~~[0m


[31mâœ˜ [41;31m[[41;97mERROR[41;31m][0m [1mTS2345: Argument of type 'string | null' is not assignable to parameter of type 'string'.
  Type 'null' is not assignable to type 'string'.[0m [1m[35m[plugin angular-compiler][0m

    src/app/myaccount/chooseplan/chooseplan.component.ts:301:29:
[37m      301 â”‚           user_id:JSON.parse([32mlocalStorage.getItem('log')[37m).id,
          â•µ                              [32m~~~~~~~~~~~~~~~~~~~~~~~~~~~[0m


[31mâœ˜ [41;31m[[41;97mERROR[41;31m][0m [1mTS2345: Argument of type 'string | null' is not assignable to parameter of type 'string'.
  Type 'null' is not assignable to type 'string'.[0m [1m[35m[plugin angular-compiler][0m

    src/app/myaccount/chooseplan/chooseplan.component.ts:302:32:
[37m      302 â”‚           user_token:JSON.parse([32mlocalStorage.getItem('log')[37m).token,
          â•µ                                 [32m~~~~~~~~~~~~~~~~~~~~~~~~~~~[0m


[31mâœ˜ [41;31m[[41;97mERROR[41;31m][0m [1mTS2345: Argument of type 'string | null' is not assignable to parameter of type 'string'.
  Type 'null' is not assignable to type 'string'.[0m [1m[35m[plugin angular-compiler][0m

    src/app/myaccount/chooseplan/chooseplan.component.ts:305:28:
[37m      305 â”‚         let id = JSON.parse([32mlocalStorage.getItem('id')[37m);
          â•µ                             [32m~~~~~~~~~~~~~~~~~~~~~~~~~~[0m


[31mâœ˜ [41;31m[[41;97mERROR[41;31m][0m [1mTS2345: Argument of type 'string | null' is not assignable to parameter of type 'string'.
  Type 'null' is not assignable to type 'string'.[0m [1m[35m[plugin angular-compiler][0m

    src/app/myaccount/chooseplan/chooseplan.component.ts:416:22:
[37m      416 â”‚         if(JSON.parse([32mlocalStorage.getItem('log')[37m).ghana_user == 1){
          â•µ                       [32m~~~~~~~~~~~~~~~~~~~~~~~~~~~[0m


[31mâœ˜ [41;31m[[41;97mERROR[41;31m][0m [1mTS2345: Argument of type 'string | null' is not assignable to parameter of type 'string | UrlTree'.
  Type 'null' is not assignable to type 'string | UrlTree'.[0m [1m[35m[plugin angular-compiler][0m

    src/app/myaccount/chooseplan/chooseplan.component.ts:464:30:
[37m      464 â”‚     this.router.navigateByUrl([32mlocalStorage.getItem('previousUrl')[37m);
          â•µ                               [32m~~~~~~~~~~~~~~~~~~~~~~~~~~~~~~~~~~~[0m


[31mâœ˜ [41;31m[[41;97mERROR[41;31m][0m [1mTS2305: Module '"@angular/core/testing"' has no exported member 'async'.[0m [1m[35m[plugin angular-compiler][0m

    src/app/myaccount/creditdebit/creditdebit.component.spec.ts:1:9:
[37m      1 â”‚ import { [32masync[37m, ComponentFixture, TestBed } from '@angular/core/tes...
        â•µ          [32m~~~~~[0m


[31mâœ˜ [41;31m[[41;97mERROR[41;31m][0m [1mTS2345: Argument of type 'number' is not assignable to parameter of type 'never'.[0m [1m[35m[plugin angular-compiler][0m

    src/app/myaccount/creditdebit/creditdebit.component.ts:48:19:
[37m      48 â”‚    this.years.push([32myear[37m);
         â•µ                    [32m~~~~[0m


[31mâœ˜ [41;31m[[41;97mERROR[41;31m][0m [1mTS2345: Argument of type 'number' is not assignable to parameter of type 'never'.[0m [1m[35m[plugin angular-compiler][0m

    src/app/myaccount/creditdebit/creditdebit.component.ts:50:21:
[37m      50 â”‚      this.years.push([32myear - i[37m);
         â•µ                      [32m~~~~~~~~[0m


[31mâœ˜ [41;31m[[41;97mERROR[41;31m][0m [1mTS2305: Module '"@angular/core/testing"' has no exported member 'async'.[0m [1m[35m[plugin angular-compiler][0m

    src/app/myaccount/help/help.component.spec.ts:1:9:
[37m      1 â”‚ import { [32masync[37m, ComponentFixture, TestBed } from '@angular/core/tes...
        â•µ          [32m~~~~~[0m


[31mâœ˜ [41;31m[[41;97mERROR[41;31m][0m [1mTS2322: Type '{ id: number; mainList: string; sublist: string[]; }' is not assignable to type 'never'.[0m [1m[35m[plugin angular-compiler][0m

    src/app/myaccount/help/help.component.ts:58:15:
[37m      58 â”‚   this.list = [[32m{[37m
         â•µ                [32m^[0m


[31mâœ˜ [41;31m[[41;97mERROR[41;31m][0m [1mTS2322: Type '{ id: number; mainList: string; sublist: string[]; }' is not assignable to type 'never'.[0m [1m[35m[plugin angular-compiler][0m

    src/app/myaccount/help/help.component.ts:65:2:
[37m      65 â”‚   [32m{ id:2,[37m
         â•µ   [32m~~~~~~~[0m


[31mâœ˜ [41;31m[[41;97mERROR[41;31m][0m [1mTS2322: Type '{ id: number; mainList: string; sublist: string[]; }' is not assignable to type 'never'.[0m [1m[35m[plugin angular-compiler][0m

    src/app/myaccount/help/help.component.ts:71:2:
[37m      71 â”‚   [32m{id:3,[37m
         â•µ   [32m~~~~~~[0m


[31mâœ˜ [41;31m[[41;97mERROR[41;31m][0m [1mTS2322: Type '{ id: number; mainList: string; sublist: string[]; }' is not assignable to type 'never'.[0m [1m[35m[plugin angular-compiler][0m

    src/app/myaccount/help/help.component.ts:80:2:
[37m      80 â”‚   [32m{id:4,[37m
         â•µ   [32m~~~~~~[0m


[31mâœ˜ [41;31m[[41;97mERROR[41;31m][0m [1mTS2305: Module '"@angular/core/testing"' has no exported member 'async'.[0m [1m[35m[plugin angular-compiler][0m

    src/app/myaccount/managedownload/managedownload.component.spec.ts:1:9:
[37m      1 â”‚ import { [32masync[37m, ComponentFixture, TestBed } from '@angular/core/tes...
        â•µ          [32m~~~~~[0m


[31mâœ˜ [41;31m[[41;97mERROR[41;31m][0m [1mTS2305: Module '"@angular/core/testing"' has no exported member 'async'.[0m [1m[35m[plugin angular-compiler][0m

    src/app/myaccount/newbillingday/newbillingday.component.spec.ts:1:9:
[37m      1 â”‚ import { [32masync[37m, ComponentFixture, TestBed } from '@angular/core/tes...
        â•µ          [32m~~~~~[0m


[31mâœ˜ [41;31m[[41;97mERROR[41;31m][0m [1mTS1117: An object literal cannot have multiple properties with the same name.[0m [1m[35m[plugin angular-compiler][0m

    src/app/myaccount/newbillingday/newbillingday.component.ts:7:2:
[37m      7 â”‚   [32mstandalone[37m: true,
        â•µ   [32m~~~~~~~~~~[0m


[31mâœ˜ [41;31m[[41;97mERROR[41;31m][0m [1mTS2305: Module '"@angular/core/testing"' has no exported member 'async'.[0m [1m[35m[plugin angular-compiler][0m

    src/app/myaccount/recentdevice/recentdevice.component.spec.ts:1:9:
[37m      1 â”‚ import { [32masync[37m, ComponentFixture, TestBed } from '@angular/core/tes...
        â•µ          [32m~~~~~[0m


[31mâœ˜ [41;31m[[41;97mERROR[41;31m][0m [1mTS2305: Module '"@angular/core/testing"' has no exported member 'async'.[0m [1m[35m[plugin angular-compiler][0m

    src/app/myaccount/redeemgift/redeemgift.component.spec.ts:1:9:
[37m      1 â”‚ import { [32masync[37m, ComponentFixture, TestBed } from '@angular/core/tes...
        â•µ          [32m~~~~~[0m


[31mâœ˜ [41;31m[[41;97mERROR[41;31m][0m [1mTS2305: Module '"@angular/core/testing"' has no exported member 'async'.[0m [1m[35m[plugin angular-compiler][0m

    src/app/myaccount/requestinfo/requestinfo.component.spec.ts:1:9:
[37m      1 â”‚ import { [32masync[37m, ComponentFixture, TestBed } from '@angular/core/tes...
        â•µ          [32m~~~~~[0m


[31mâœ˜ [41;31m[[41;97mERROR[41;31m][0m [1mTS2345: Argument of type 'string | null' is not assignable to parameter of type 'string'.
  Type 'null' is not assignable to type 'string'.[0m [1m[35m[plugin angular-compiler][0m

    src/app/myaccount/requestinfo/requestinfo.component.ts:27:35:
[37m      27 â”‚ ... this.emailphone = JSON.parse([32mlocalStorage.getItem('emailPhone')[37m);
         â•µ                                  [32m~~~~~~~~~~~~~~~~~~~~~~~~~~~~~~~~~~[0m


[31mâœ˜ [41;31m[[41;97mERROR[41;31m][0m [1mTS2305: Module '"@angular/core/testing"' has no exported member 'async'.[0m [1m[35m[plugin angular-compiler][0m

    src/app/myaccount/securitycheck/securitycheck.component.spec.ts:1:9:
[37m      1 â”‚ import { [32masync[37m, ComponentFixture, TestBed } from '@angular/core/tes...
        â•µ          [32m~~~~~[0m


[31mâœ˜ [41;31m[[41;97mERROR[41;31m][0m [1mTS2307: Cannot find module '../../checkmail.pipe' or its corresponding type declarations.[0m [1m[35m[plugin angular-compiler][0m

    src/app/myaccount/securitycheck/securitycheck.component.ts:10:30:
[37m      10 â”‚ import { CheckmailPipe } from [32m'../../checkmail.pipe'[37m;
         â•µ                               [32m~~~~~~~~~~~~~~~~~~~~~~[0m


[31mâœ˜ [41;31m[[41;97mERROR[41;31m][0m [1mCould not resolve "../../checkmail.pipe"[0m

    src/app/myaccount/securitycheck/securitycheck.component.ts:12:30:
[37m      12 â”‚ import { CheckmailPipe } from [32m'../../checkmail.pipe'[37m;
         â•µ                               [32m~~~~~~~~~~~~~~~~~~~~~~[0m


[31mâœ˜ [41;31m[[41;97mERROR[41;31m][0m [1mTS2345: Argument of type 'string | null' is not assignable to parameter of type 'string'.
  Type 'null' is not assignable to type 'string'.[0m [1m[35m[plugin angular-compiler][0m

    src/app/myaccount/securitycheck/securitycheck.component.ts:44:35:
[37m      44 â”‚ ... this.emailphone = JSON.parse([32mlocalStorage.getItem('emailPhone')[37m);
         â•µ                                  [32m~~~~~~~~~~~~~~~~~~~~~~~~~~~~~~~~~~[0m


[31mâœ˜ [41;31m[[41;97mERROR[41;31m][0m [1mTS2322: Type '{ [x: number]: any; user_id: string | null; login_type: any; pin: any; X_CSRF_TOKEN: string | null; token: string | null; X_id: string | null; }' is not assignable to type 'never'.[0m [1m[35m[plugin angular-compiler][0m

    src/app/myaccount/securitycheck/securitycheck.component.ts:84:6:
[37m      84 â”‚       [32m{[37m
         â•µ       [32m^[0m


[31mâœ˜ [41;31m[[41;97mERROR[41;31m][0m [1mTS2339: Property 'name' does not exist on type 'never'.[0m [1m[35m[plugin angular-compiler][0m

    src/app/myaccount/securitycheck/securitycheck.component.ts:86:28:
[37m      86 â”‚         [this.emailphone[0].[32mname[37m]: this.emailphone[0].value,
         â•µ                             [32m~~~~[0m


[31mâœ˜ [41;31m[[41;97mERROR[41;31m][0m [1mTS2339: Property 'value' does not exist on type 'never'.[0m [1m[35m[plugin angular-compiler][0m

    src/app/myaccount/securitycheck/securitycheck.component.ts:86:54:
[37m      86 â”‚         [this.emailphone[0].name]: this.emailphone[0].[32mvalue[37m,
         â•µ                                                       [32m~~~~~[0m


[31mâœ˜ [41;31m[[41;97mERROR[41;31m][0m [1mTS2339: Property 'name' does not exist on type 'never'.[0m [1m[35m[plugin angular-compiler][0m

    src/app/myaccount/securitycheck/securitycheck.component.ts:87:39:
[37m      87 â”‚         login_type: this.emailphone[0].[32mname[37m,
         â•µ                                        [32m~~~~[0m


[31mâœ˜ [41;31m[[41;97mERROR[41;31m][0m [1mTS2345: Argument of type 'string | null' is not assignable to parameter of type 'string'.
  Type 'null' is not assignable to type 'string'.[0m [1m[35m[plugin angular-compiler][0m

    src/app/myaccount/securitycheck/securitycheck.component.ts:106:39:
[37m      106 â”‚ ...      localStorage.setItem('main', [32mlocalStorage.getItem('part')[37m);
          â•µ                                       [32m~~~~~~~~~~~~~~~~~~~~~~~~~~~~[0m


[31mâœ˜ [41;31m[[41;97mERROR[41;31m][0m [1mTS2339: Property 'name' does not exist on type 'never'.[0m [1m[35m[plugin angular-compiler][0m

    src/app/myaccount/securitycheck/securitycheck.component.ts:133:28:
[37m      133 â”‚         [this.emailphone[0].[32mname[37m]: this.emailphone[0].value,
          â•µ                             [32m~~~~[0m


[31mâœ˜ [41;31m[[41;97mERROR[41;31m][0m [1mTS2339: Property 'value' does not exist on type 'never'.[0m [1m[35m[plugin angular-compiler][0m

    src/app/myaccount/securitycheck/securitycheck.component.ts:133:54:
[37m      133 â”‚         [this.emailphone[0].name]: this.emailphone[0].[32mvalue[37m,
          â•µ                                                       [32m~~~~~[0m


[31mâœ˜ [41;31m[[41;97mERROR[41;31m][0m [1mTS2339: Property 'name' does not exist on type 'never'.[0m [1m[35m[plugin angular-compiler][0m

    src/app/myaccount/securitycheck/securitycheck.component.ts:134:39:
[37m      134 â”‚         login_type: this.emailphone[0].[32mname[37m,
          â•µ                                        [32m~~~~[0m


[31mâœ˜ [41;31m[[41;97mERROR[41;31m][0m [1mTS2322: Type '{ [x: number]: any; login_type: any; user_id: string | null; token: string | null; otp: any; X_CSRF_TOKEN: string | null; X_id: string | null; }' is not assignable to type 'never'.[0m [1m[35m[plugin angular-compiler][0m

    src/app/myaccount/securitycheck/securitycheck.component.ts:163:6:
[37m      163 â”‚       [32m{[37m
          â•µ       [32m^[0m


[31mâœ˜ [41;31m[[41;97mERROR[41;31m][0m [1mTS2339: Property 'name' does not exist on type 'never'.[0m [1m[35m[plugin angular-compiler][0m

    src/app/myaccount/securitycheck/securitycheck.component.ts:164:28:
[37m      164 â”‚         [this.emailphone[0].[32mname[37m]: this.emailphone[0].value,
          â•µ                             [32m~~~~[0m


[31mâœ˜ [41;31m[[41;97mERROR[41;31m][0m [1mTS2339: Property 'value' does not exist on type 'never'.[0m [1m[35m[plugin angular-compiler][0m

    src/app/myaccount/securitycheck/securitycheck.component.ts:164:54:
[37m      164 â”‚         [this.emailphone[0].name]: this.emailphone[0].[32mvalue[37m,
          â•µ                                                       [32m~~~~~[0m


[31mâœ˜ [41;31m[[41;97mERROR[41;31m][0m [1mTS2339: Property 'name' does not exist on type 'never'.[0m [1m[35m[plugin angular-compiler][0m

    src/app/myaccount/securitycheck/securitycheck.component.ts:165:39:
[37m      165 â”‚         login_type: this.emailphone[0].[32mname[37m,
          â•µ                                        [32m~~~~[0m


[31mâœ˜ [41;31m[[41;97mERROR[41;31m][0m [1mTS2339: Property 'name' does not exist on type 'never'.[0m [1m[35m[plugin angular-compiler][0m

    src/app/myaccount/securitycheck/securitycheck.component.ts:211:26:
[37m      211 â”‚       [this.emailphone[0].[32mname[37m]: this.emailphone[0].value,
          â•µ                           [32m~~~~[0m


[31mâœ˜ [41;31m[[41;97mERROR[41;31m][0m [1mTS2339: Property 'value' does not exist on type 'never'.[0m [1m[35m[plugin angular-compiler][0m

    src/app/myaccount/securitycheck/securitycheck.component.ts:211:52:
[37m      211 â”‚       [this.emailphone[0].name]: this.emailphone[0].[32mvalue[37m,
          â•µ                                                     [32m~~~~~[0m


[31mâœ˜ [41;31m[[41;97mERROR[41;31m][0m [1mTS2339: Property 'name' does not exist on type 'never'.[0m [1m[35m[plugin angular-compiler][0m

    src/app/myaccount/securitycheck/securitycheck.component.ts:212:37:
[37m      212 â”‚       login_type: this.emailphone[0].[32mname[37m,
          â•µ                                      [32m~~~~[0m


[31mâœ˜ [41;31m[[41;97mERROR[41;31m][0m [1mTS2339: Property 'name' does not exist on type 'never'.[0m [1m[35m[plugin angular-compiler][0m

    src/app/myaccount/securitycheck/securitycheck.component.ts:275:26:
[37m      275 â”‚       [this.emailphone[0].[32mname[37m]: this.emailphone[0].value,
          â•µ                           [32m~~~~[0m


[31mâœ˜ [41;31m[[41;97mERROR[41;31m][0m [1mTS2339: Property 'value' does not exist on type 'never'.[0m [1m[35m[plugin angular-compiler][0m

    src/app/myaccount/securitycheck/securitycheck.component.ts:275:52:
[37m      275 â”‚       [this.emailphone[0].name]: this.emailphone[0].[32mvalue[37m,
          â•µ                                                     [32m~~~~~[0m


[31mâœ˜ [41;31m[[41;97mERROR[41;31m][0m [1mTS2339: Property 'name' does not exist on type 'never'.[0m [1m[35m[plugin angular-compiler][0m

    src/app/myaccount/securitycheck/securitycheck.component.ts:276:37:
[37m      276 â”‚       login_type: this.emailphone[0].[32mname[37m,
          â•µ                                      [32m~~~~[0m


[31mâœ˜ [41;31m[[41;97mERROR[41;31m][0m [1mTS2339: Property 'get' does not exist on type 'TestBedStatic'.[0m [1m[35m[plugin angular-compiler][0m

    src/app/myaccount/service.service.spec.ts:9:44:
[37m      9 â”‚     const service: ServiceService = TestBed.[32mget[37m(ServiceService);
        â•µ                                             [32m~~~[0m


[31mâœ˜ [41;31m[[41;97mERROR[41;31m][0m [1mTS2345: Argument of type 'string | null' is not assignable to parameter of type 'string'.
  Type 'null' is not assignable to type 'string'.[0m [1m[35m[plugin angular-compiler][0m

    src/app/myaccount/service.service.ts:34:21:
[37m      34 â”‚       if (JSON.parse([32mlocalStorage.getItem('log')[37m) != null) {
         â•µ                      [32m~~~~~~~~~~~~~~~~~~~~~~~~~~~[0m


[31mâœ˜ [41;31m[[41;97mERROR[41;31m][0m [1mTS2345: Argument of type 'string | null' is not assignable to parameter of type 'string'.
  Type 'null' is not assignable to type 'string'.[0m [1m[35m[plugin angular-compiler][0m

    src/app/myaccount/service.service.ts:35:23:
[37m      35 â”‚ ...    if (JSON.parse([32mlocalStorage.getItem('log')[37m).ghana_user == 1) {
         â•µ                       [32m~~~~~~~~~~~~~~~~~~~~~~~~~~~[0m


[31mâœ˜ [41;31m[[41;97mERROR[41;31m][0m [1mTS2305: Module '"@angular/core/testing"' has no exported member 'async'.[0m [1m[35m[plugin angular-compiler][0m

    src/app/myaccount/signout/signout.component.spec.ts:1:9:
[37m      1 â”‚ import { [32masync[37m, ComponentFixture, TestBed } from '@angular/core/tes...
        â•µ          [32m~~~~~[0m


[31mâœ˜ [41;31m[[41;97mERROR[41;31m][0m [1mTS2345: Argument of type 'string | null' is not assignable to parameter of type 'string'.
  Type 'null' is not assignable to type 'string'.[0m [1m[35m[plugin angular-compiler][0m

    src/app/myaccount/signout/signout.component.ts:37:22:
[37m      37 â”‚       id : JSON.parse([32mlocalStorage.getItem('log')[37m).id
         â•µ                       [32m~~~~~~~~~~~~~~~~~~~~~~~~~~~[0m


[31mâœ˜ [41;31m[[41;97mERROR[41;31m][0m [1mTS2305: Module '"@angular/core/testing"' has no exported member 'async'.[0m [1m[35m[plugin angular-compiler][0m

    src/app/myaccount/testparticipation/testparticipation.component.spec.ts:1:9:
[37m      1 â”‚ import { [32masync[37m, ComponentFixture, TestBed } from '@angular/core/tes...
        â•µ          [32m~~~~~[0m


[31mâœ˜ [41;31m[[41;97mERROR[41;31m][0m [1mCould not resolve "./header/header.component"[0m

    src/app/shared/index.ts:3:14:
[37m      3 â”‚ export * from [32m'./header/header.component'[37m;
        â•µ               [32m~~~~~~~~~~~~~~~~~~~~~~~~~~~[0m


[31mâœ˜ [41;31m[[41;97mERROR[41;31m][0m [1mTS2307: Cannot find module './header/header.component' or its corresponding type declarations.[0m [1m[35m[plugin angular-compiler][0m

    src/app/shared/index.ts:3:14:
[37m      3 â”‚ export * from [32m'./header/header.component'[37m;
        â•µ               [32m~~~~~~~~~~~~~~~~~~~~~~~~~~~[0m


[31mâœ˜ [41;31m[[41;97mERROR[41;31m][0m [1mCould not resolve "./footer/footer.component"[0m

    src/app/shared/index.ts:4:14:
[37m      4 â”‚ export * from [32m'./footer/footer.component'[37m;
        â•µ               [32m~~~~~~~~~~~~~~~~~~~~~~~~~~~[0m


[31mâœ˜ [41;31m[[41;97mERROR[41;31m][0m [1mTS2307: Cannot find module './footer/footer.component' or its corresponding type declarations.[0m [1m[35m[plugin angular-compiler][0m

    src/app/shared/index.ts:4:14:
[37m      4 â”‚ export * from [32m'./footer/footer.component'[37m;
        â•µ               [32m~~~~~~~~~~~~~~~~~~~~~~~~~~~[0m


[31mâœ˜ [41;31m[[41;97mERROR[41;31m][0m [1mCould not resolve "./alert/alert.component"[0m

    src/app/shared/index.ts:5:14:
[37m      5 â”‚ export * from [32m'./alert/alert.component'[37m;
        â•µ               [32m~~~~~~~~~~~~~~~~~~~~~~~~~[0m


[31mâœ˜ [41;31m[[41;97mERROR[41;31m][0m [1mTS2307: Cannot find module './alert/alert.component' or its corresponding type declarations.[0m [1m[35m[plugin angular-compiler][0m

    src/app/shared/index.ts:5:14:
[37m      5 â”‚ export * from [32m'./alert/alert.component'[37m;
        â•µ               [32m~~~~~~~~~~~~~~~~~~~~~~~~~[0m


[31mâœ˜ [41;31m[[41;97mERROR[41;31m][0m [1mCould not resolve "./loader/loader.component"[0m

    src/app/shared/index.ts:6:14:
[37m      6 â”‚ export * from [32m'./loader/loader.component'[37m;
        â•µ               [32m~~~~~~~~~~~~~~~~~~~~~~~~~~~[0m


[31mâœ˜ [41;31m[[41;97mERROR[41;31m][0m [1mTS2307: Cannot find module './loader/loader.component' or its corresponding type declarations.[0m [1m[35m[plugin angular-compiler][0m

    src/app/shared/index.ts:6:14:
[37m      6 â”‚ export * from [32m'./loader/loader.component'[37m;
        â•µ               [32m~~~~~~~~~~~~~~~~~~~~~~~~~~~[0m


[31mâœ˜ [41;31m[[41;97mERROR[41;31m][0m [1mTS2339: Property 'imageUrl' does not exist on type '{ production: boolean; apiUrl: string; }'.[0m [1m[35m[plugin angular-compiler][0m

    src/app/vod/erosnow/erosnow.component.ts:19:31:
[37m      19 â”‚   banner: string = environment.[32mimageUrl[37m+"erowsnow.webp";
         â•µ                                [32m~~~~~~~~[0m


[31mâœ˜ [41;31m[[41;97mERROR[41;31m][0m [1mTS2307: Cannot find module '../../shared/imports' or its corresponding type declarations.[0m [1m[35m[plugin angular-compiler][0m

    src/app/vod/erosnow/mainpage/mainpage.component.ts:7:31:
[37m      7 â”‚ import { SHARED_IMPORTS } from [32m'../../shared/imports'[37m;
        â•µ                                [32m~~~~~~~~~~~~~~~~~~~~~~[0m


[31mâœ˜ [41;31m[[41;97mERROR[41;31m][0m [1mCould not resolve "../../shared/imports"[0m

    src/app/vod/erosnow/mainpage/mainpage.component.ts:9:31:
[37m      9 â”‚ import { SHARED_IMPORTS } from [32m'../../shared/imports'[37m;
        â•µ                                [32m~~~~~~~~~~~~~~~~~~~~~~[0m


[31mâœ˜ [41;31m[[41;97mERROR[41;31m][0m [1mTS2339: Property 'imageUrl' does not exist on type '{ production: boolean; apiUrl: string; }'.[0m [1m[35m[plugin angular-compiler][0m

    src/app/vod/erosnow/mainpage/mainpage.component.ts:17:31:
[37m      17 â”‚   banner: string = environment.[32mimageUrl[37m+"erowsnow.webp";
         â•µ                                [32m~~~~~~~~[0m


[31mâœ˜ [41;31m[[41;97mERROR[41;31m][0m [1mTS2307: Cannot find module '../../shared/imports' or its corresponding type declarations.[0m [1m[35m[plugin angular-compiler][0m

    src/app/vod/erosnow/movie/movie.component.ts:7:31:
[37m      7 â”‚ import { SHARED_IMPORTS } from [32m'../../shared/imports'[37m;
        â•µ                                [32m~~~~~~~~~~~~~~~~~~~~~~[0m


[31mâœ˜ [41;31m[[41;97mERROR[41;31m][0m [1mCould not resolve "../../shared/imports"[0m

    src/app/vod/erosnow/movie/movie.component.ts:9:31:
[37m      9 â”‚ import { SHARED_IMPORTS } from [32m'../../shared/imports'[37m;
        â•µ                                [32m~~~~~~~~~~~~~~~~~~~~~~[0m


[31mâœ˜ [41;31m[[41;97mERROR[41;31m][0m [1mTS2339: Property 'imageUrl' does not exist on type '{ production: boolean; apiUrl: string; }'.[0m [1m[35m[plugin angular-compiler][0m

    src/app/vod/erosnow/movie/movie.component.ts:19:31:
[37m      19 â”‚   banner: string = environment.[32mimageUrl[37m+"erowsnow.webp";
         â•µ                                [32m~~~~~~~~[0m


[31mâœ˜ [41;31m[[41;97mERROR[41;31m][0m [1mTS2307: Cannot find module '../../shared/imports' or its corresponding type declarations.[0m [1m[35m[plugin angular-compiler][0m

    src/app/vod/erosnow/music/music.component.ts:7:31:
[37m      7 â”‚ import { SHARED_IMPORTS } from [32m'../../shared/imports'[37m;
        â•µ                                [32m~~~~~~~~~~~~~~~~~~~~~~[0m


[31mâœ˜ [41;31m[[41;97mERROR[41;31m][0m [1mCould not resolve "../../shared/imports"[0m

    src/app/vod/erosnow/music/music.component.ts:9:31:
[37m      9 â”‚ import { SHARED_IMPORTS } from [32m'../../shared/imports'[37m;
        â•µ                                [32m~~~~~~~~~~~~~~~~~~~~~~[0m


[31mâœ˜ [41;31m[[41;97mERROR[41;31m][0m [1mTS2339: Property 'imageUrl' does not exist on type '{ production: boolean; apiUrl: string; }'.[0m [1m[35m[plugin angular-compiler][0m

    src/app/vod/erosnow/music/music.component.ts:18:31:
[37m      18 â”‚   banner: string = environment.[32mimageUrl[37m+"erowsnow.webp";
         â•µ                                [32m~~~~~~~~[0m


[31mâœ˜ [41;31m[[41;97mERROR[41;31m][0m [1mTS2307: Cannot find module '../../shared/imports' or its corresponding type declarations.[0m [1m[35m[plugin angular-compiler][0m

    src/app/vod/erosnow/music/video/video.component.ts:7:31:
[37m      7 â”‚ import { SHARED_IMPORTS } from [32m'../../shared/imports'[37m;
        â•µ                                [32m~~~~~~~~~~~~~~~~~~~~~~[0m


[31mâœ˜ [41;31m[[41;97mERROR[41;31m][0m [1mCould not resolve "../../shared/imports"[0m

    src/app/vod/erosnow/music/video/video.component.ts:9:31:
[37m      9 â”‚ import { SHARED_IMPORTS } from [32m'../../shared/imports'[37m;
        â•µ                                [32m~~~~~~~~~~~~~~~~~~~~~~[0m


[31mâœ˜ [41;31m[[41;97mERROR[41;31m][0m [1mTS2339: Property 'imageUrl' does not exist on type '{ production: boolean; apiUrl: string; }'.[0m [1m[35m[plugin angular-compiler][0m

    src/app/vod/erosnow/music/video/video.component.ts:18:31:
[37m      18 â”‚   banner: string = environment.[32mimageUrl[37m+"erowsnow.webp";
         â•µ                                [32m~~~~~~~~[0m


[31mâœ˜ [41;31m[[41;97mERROR[41;31m][0m [1mCould not resolve "../../shared/imports"[0m

    src/app/vod/erosnow/series/series.component.ts:10:31:
[37m      10 â”‚ import { SHARED_IMPORTS } from [32m'../../shared/imports'[37m;
         â•µ                                [32m~~~~~~~~~~~~~~~~~~~~~~[0m


[31mâœ˜ [41;31m[[41;97mERROR[41;31m][0m [1mTS2307: Cannot find module '../../shared/imports' or its corresponding type declarations.[0m [1m[35m[plugin angular-compiler][0m

    src/app/vod/erosnow/series/series.component.ts:12:31:
[37m      12 â”‚ import { SHARED_IMPORTS } from [32m'../../shared/imports'[37m;
         â•µ                                [32m~~~~~~~~~~~~~~~~~~~~~~[0m


[31mâœ˜ [41;31m[[41;97mERROR[41;31m][0m [1mTS2339: Property 'imageUrl' does not exist on type '{ production: boolean; apiUrl: string; }'.[0m [1m[35m[plugin angular-compiler][0m

    src/app/vod/erosnow/series/series.component.ts:23:31:
[37m      23 â”‚   banner: string = environment.[32mimageUrl[37m+"erowsnow.webp";
         â•µ                                [32m~~~~~~~~[0m


[31mâœ˜ [41;31m[[41;97mERROR[41;31m][0m [1mTS2307: Cannot find module 'src/app/common.service' or its corresponding type declarations.[0m [1m[35m[plugin angular-compiler][0m

    src/app/vod/filmdo/filmdo.component.ts:4:30:
[37m      4 â”‚ import { CommonService } from [32m'src/app/common.service'[37m;
        â•µ                               [32m~~~~~~~~~~~~~~~~~~~~~~~~[0m


[31mâœ˜ [41;31m[[41;97mERROR[41;31m][0m [1mTS2307: Cannot find module 'src/environments/environment' or its corresponding type declarations.[0m [1m[35m[plugin angular-compiler][0m

    src/app/vod/filmdo/filmdo.component.ts:5:28:
[37m      5 â”‚ import { environment } from [32m'src/environments/environment'[37m;
        â•µ                             [32m~~~~~~~~~~~~~~~~~~~~~~~~~~~~~~[0m


[31mâœ˜ [41;31m[[41;97mERROR[41;31m][0m [1mCould not resolve "src/app/common.service"[0m

    src/app/vod/filmdo/filmdo.component.ts:7:30:
[37m      7 â”‚ import { CommonService } from [32m'src/app/common.service'[37m;
        â•µ                               [32m~~~~~~~~~~~~~~~~~~~~~~~~[0m

  You can mark the path "src/app/common.service" as external to exclude it from the bundle, which will remove this error and leave the unresolved path in the bundle.


[31mâœ˜ [41;31m[[41;97mERROR[41;31m][0m [1mCould not resolve "src/environments/environment"[0m

    src/app/vod/filmdo/filmdo.component.ts:8:28:
[37m      8 â”‚ import { environment } from [32m'src/environments/environment'[37m;
        â•µ                             [32m~~~~~~~~~~~~~~~~~~~~~~~~~~~~~~[0m

  You can mark the path "src/environments/environment" as external to exclude it from the bundle, which will remove this error and leave the unresolved path in the bundle.


[31mâœ˜ [41;31m[[41;97mERROR[41;31m][0m [1mTS2345: Argument of type 'string | null' is not assignable to parameter of type 'string'.
  Type 'null' is not assignable to type 'string'.[0m [1m[35m[plugin angular-compiler][0m

    src/app/vod/filmdoodescription/filmdoodescription.component.ts:90:26:
[37m      90 â”‚       user_id: JSON.parse([32mlocalStorage.getItem('log')[37m).id
         â•µ                           [32m~~~~~~~~~~~~~~~~~~~~~~~~~~~[0m


[31mâœ˜ [41;31m[[41;97mERROR[41;31m][0m [1mTS2345: Argument of type 'string | null' is not assignable to parameter of type 'string'.
  Type 'null' is not assignable to type 'string'.[0m [1m[35m[plugin angular-compiler][0m

    src/app/vod/filmdoodescription/filmdoodescription.component.ts:239:35:
[37m      239 â”‚         sub_profile_id: JSON.parse([32mlocalStorage.getItem('main')[37m).id,
          â•µ                                    [32m~~~~~~~~~~~~~~~~~~~~~~~~~~~~[0m


[31mâœ˜ [41;31m[[41;97mERROR[41;31m][0m [1mTS2345: Argument of type 'string | null' is not assignable to parameter of type 'string'.
  Type 'null' is not assignable to type 'string'.[0m [1m[35m[plugin angular-compiler][0m

    src/app/vod/filmdoodescription/filmdoodescription.component.ts:272:35:
[37m      272 â”‚         sub_profile_id: JSON.parse([32mlocalStorage.getItem('main')[37m).id,
          â•µ                                    [32m~~~~~~~~~~~~~~~~~~~~~~~~~~~~[0m


[31mâœ˜ [41;31m[[41;97mERROR[41;31m][0m [1mTS2345: Argument of type 'string | null' is not assignable to parameter of type 'string'.
  Type 'null' is not assignable to type 'string'.[0m [1m[35m[plugin angular-compiler][0m

    src/app/vod/moviedescription/moviedescription.component.ts:151:34:
[37m      151 â”‚         sub_profile_id:JSON.parse([32mlocalStorage.getItem('main')[37m).id,
          â•µ                                   [32m~~~~~~~~~~~~~~~~~~~~~~~~~~~~[0m


[31mâœ˜ [41;31m[[41;97mERROR[41;31m][0m [1mTS2345: Argument of type 'string | null' is not assignable to parameter of type 'string'.
  Type 'null' is not assignable to type 'string'.[0m [1m[35m[plugin angular-compiler][0m

    src/app/vod/moviedescription/moviedescription.component.ts:184:34:
[37m      184 â”‚         sub_profile_id:JSON.parse([32mlocalStorage.getItem('main')[37m).id,
          â•µ                                   [32m~~~~~~~~~~~~~~~~~~~~~~~~~~~~[0m


[31mâœ˜ [41;31m[[41;97mERROR[41;31m][0m [1mTS2345: Argument of type 'string | null' is not assignable to parameter of type 'string'.
  Type 'null' is not assignable to type 'string'.[0m [1m[35m[plugin angular-compiler][0m

    src/app/vod/seriesdescription/seriesdescription.component.ts:169:34:
[37m      169 â”‚         sub_profile_id:JSON.parse([32mlocalStorage.getItem('main')[37m).id,
          â•µ                                   [32m~~~~~~~~~~~~~~~~~~~~~~~~~~~~[0m


[31mâœ˜ [41;31m[[41;97mERROR[41;31m][0m [1mTS2345: Argument of type 'string | null' is not assignable to parameter of type 'string'.
  Type 'null' is not assignable to type 'string'.[0m [1m[35m[plugin angular-compiler][0m

    src/app/vod/seriesdescription/seriesdescription.component.ts:202:34:
[37m      202 â”‚         sub_profile_id:JSON.parse([32mlocalStorage.getItem('main')[37m).id,
          â•µ                                   [32m~~~~~~~~~~~~~~~~~~~~~~~~~~~~[0m


[31mâœ˜ [41;31m[[41;97mERROR[41;31m][0m [1mTS2339: Property 'erosNowApi' does not exist on type '{ production: boolean; apiUrl: string; }'.[0m [1m[35m[plugin angular-compiler][0m

    src/app/vod/service.service.ts:28:34:
[37m      28 â”‚     this.erosnowApi = environment.[32merosNowApi[37m;
         â•µ                                   [32m~~~~~~~~~~[0m


[31mâœ˜ [41;31m[[41;97mERROR[41;31m][0m [1mTS2339: Property 'imageUrl' does not exist on type '{ production: boolean; apiUrl: string; }'.[0m [1m[35m[plugin angular-compiler][0m

    src/app/vod/vod-mainpage/vod-mainpage.component.ts:26:31:
[37m      26 â”‚   banner: string = environment.[32mimageUrl[37m+"VOD.webp";
         â•µ                                [32m~~~~~~~~[0m


[31mâœ˜ [41;31m[[41;97mERROR[41;31m][0m [1mTS2307: Cannot find module '@angular/platform-browser-dynamic/testing' or its corresponding type declarations.[0m [1m[35m[plugin angular-compiler][0m

    src/test.ts:9:7:
[37m      9 â”‚ } from [32m'@angular/platform-browser-dynamic/testing'[37m;
        â•µ        [32m~~~~~~~~~~~~~~~~~~~~~~~~~~~~~~~~~~~~~~~~~~~[0m

[39m[22m
